                      :-) GROMACS - gmx mdrun, 2024.1 (-:

Copyright 1991-2024 The GROMACS Authors.
GROMACS is free software; you can redistribute it and/or modify it
under the terms of the GNU Lesser General Public License
as published by the Free Software Foundation; either version 2.1
of the License, or (at your option) any later version.

                         Current GROMACS contributors:
       Mark Abraham           Andrey Alekseenko           Vladimir Basov      
      Cathrine Bergh            Eliane Briand               Ania Brown        
      Mahesh Doijade            Giacomo Fiorin          Stefan Fleischmann    
      Sergey Gorelov         Gilles Gouaillardet            Alan Gray         
     M. Eric Irrgang         Farzaneh Jalalypour            Joe Jordan        
     Carsten Kutzner           Justin A. Lemkul          Magnus Lundborg      
       Pascal Merz              Vedran Miletic            Dmitry Morozov      
       Julien Nabet              Szilard Pall        Andrea Pasquadibisceglie 
    Michele Pellegrino          Hubert Santuz             Roland Schulz       
     Tatiana Shugaeva          Alexey Shvetsov            Philip Turner       
     Alessandra Villa      Sebastian Wingbermuehle  

                         Previous GROMACS contributors:
        Emile Apol             Rossen Apostolov           James Barnett       
        Paul Bauer          Herman J.C. Berendsen          Par Bjelkmar       
      Christian Blau          Viacheslav Bolnykh            Kevin Boyd        
    Aldert van Buuren          Carlo Camilloni           Rudi van Drunen      
      Anton Feenstra           Oliver Fleetwood            Vytas Gapsys       
       Gaurav Garg             Gerrit Groenhof            Bert de Groot       
      Anca Hamuraru           Vincent Hindriksen          Victor Holanda      
     Aleksei Iupinov          Christoph Junghans        Prashanth Kanduri     
   Dimitrios Karkoulis           Peter Kasson             Sebastian Kehl      
     Sebastian Keller             Jiri Kraus               Per Larsson        
      Viveca Lindahl            Erik Marklund           Pieter Meulenhoff     
      Teemu Murtola              Sander Pronk             Michael Shirts      
      Alfons Sijbers            Balint Soproni         David van der Spoel    
      Peter Tieleman            Carsten Uphoff             Jon Vincent        
     Teemu Virolainen         Christian Wennberg           Maarten Wolf       
      Artem Zhmurov       

                  Coordinated by the GROMACS project leaders:
                           Berk Hess and Erik Lindahl

GROMACS:      gmx mdrun, version 2024.1
Executable:   /usr/local/gromacs/bin/gmx
Data prefix:  /usr/local/gromacs
Working dir:  /home/hamajun/study/4_sem/inf/helices/all_gly
Process ID:   51588
Command line:
  gmx mdrun -v -deffnm npt

GROMACS version:     2024.1
Precision:           mixed
Memory model:        64 bit
MPI library:         thread_mpi
OpenMP support:      enabled (GMX_OPENMP_MAX_THREADS = 128)
GPU support:         disabled
SIMD instructions:   AVX2_256
CPU FFT library:     fftw-3.3.8-sse2-avx-avx2-avx2_128
GPU FFT library:     none
Multi-GPU FFT:       none
RDTSCP usage:        enabled
TNG support:         enabled
Hwloc support:       disabled
Tracing support:     disabled
C compiler:          /usr/bin/cc GNU 11.4.0
C compiler flags:    -fexcess-precision=fast -funroll-all-loops -mavx2 -mfma -Wno-missing-field-initializers -O3 -DNDEBUG
C++ compiler:        /usr/bin/c++ GNU 11.4.0
C++ compiler flags:  -fexcess-precision=fast -funroll-all-loops -mavx2 -mfma -Wno-missing-field-initializers -Wno-cast-function-type-strict -fopenmp -O3 -DNDEBUG
BLAS library:        External - detected on the system
LAPACK library:      External - detected on the system


Running on 1 node with total 4 cores, 4 processing units
Hardware detected on host hamajun:
  CPU info:
    Vendor: AMD
    Brand:  AMD Ryzen 3 4300U with Radeon Graphics         
    Family: 23   Model: 96   Stepping: 1
    Features: aes amd apic avx avx2 clfsh cmov cx8 cx16 f16c fma htt lahf misalignsse mmx msr nonstop_tsc pclmuldq pdpe1gb popcnt pse rdrnd rdtscp sha sse2 sse3 sse4a sse4.1 sse4.2 ssse3
  Hardware topology: Basic
    Packages, cores, and logical processors:
    [indices refer to OS logical processors]
      Package  0: [   0] [   1] [   2] [   3]
    CPU limit set by OS: -1   Recommended max number of threads: 4


++++ PLEASE READ AND CITE THE FOLLOWING REFERENCE ++++
M. J. Abraham, T. Murtola, R. Schulz, S. Páll, J. C. Smith, B. Hess, E.
Lindahl
GROMACS: High performance molecular simulations through multi-level
parallelism from laptops to supercomputers
SoftwareX 1 (2015) pp. 19-25
-------- -------- --- Thank You --- -------- --------


++++ PLEASE READ AND CITE THE FOLLOWING REFERENCE ++++
S. Páll, M. J. Abraham, C. Kutzner, B. Hess, E. Lindahl
Tackling Exascale Software Challenges in Molecular Dynamics Simulations with
GROMACS
In S. Markidis & E. Laure (Eds.), Solving Software Challenges for Exascale 8759 (2015) pp. 3-27
-------- -------- --- Thank You --- -------- --------


++++ PLEASE READ AND CITE THE FOLLOWING REFERENCE ++++
S. Pronk, S. Páll, R. Schulz, P. Larsson, P. Bjelkmar, R. Apostolov, M. R.
Shirts, J. C. Smith, P. M. Kasson, D. van der Spoel, B. Hess, and E. Lindahl
GROMACS 4.5: a high-throughput and highly parallel open source molecular
simulation toolkit
Bioinformatics 29 (2013) pp. 845-54
-------- -------- --- Thank You --- -------- --------


++++ PLEASE READ AND CITE THE FOLLOWING REFERENCE ++++
B. Hess and C. Kutzner and D. van der Spoel and E. Lindahl
GROMACS 4: Algorithms for highly efficient, load-balanced, and scalable
molecular simulation
J. Chem. Theory Comput. 4 (2008) pp. 435-447
-------- -------- --- Thank You --- -------- --------


++++ PLEASE READ AND CITE THE FOLLOWING REFERENCE ++++
D. van der Spoel, E. Lindahl, B. Hess, G. Groenhof, A. E. Mark and H. J. C.
Berendsen
GROMACS: Fast, Flexible and Free
J. Comp. Chem. 26 (2005) pp. 1701-1719
-------- -------- --- Thank You --- -------- --------


++++ PLEASE READ AND CITE THE FOLLOWING REFERENCE ++++
E. Lindahl and B. Hess and D. van der Spoel
GROMACS 3.0: A package for molecular simulation and trajectory analysis
J. Mol. Mod. 7 (2001) pp. 306-317
-------- -------- --- Thank You --- -------- --------


++++ PLEASE READ AND CITE THE FOLLOWING REFERENCE ++++
H. J. C. Berendsen, D. van der Spoel and R. van Drunen
GROMACS: A message-passing parallel molecular dynamics implementation
Comp. Phys. Comm. 91 (1995) pp. 43-56
-------- -------- --- Thank You --- -------- --------


++++ PLEASE CITE THE DOI FOR THIS VERSION OF GROMACS ++++
https://doi.org/10.5281/zenodo.10721181
-------- -------- --- Thank You --- -------- --------

Input Parameters:
   integrator                     = md
   tinit                          = 0
   dt                             = 0.002
   nsteps                         = 50000
   init-step                      = 0
   simulation-part                = 1
   mts                            = false
   mass-repartition-factor        = 1
   comm-mode                      = Linear
   nstcomm                        = 100
   bd-fric                        = 0
   ld-seed                        = -1953141509
   emtol                          = 10
   emstep                         = 0.01
   niter                          = 20
   fcstep                         = 0
   nstcgsteep                     = 1000
   nbfgscorr                      = 10
   rtpi                           = 0.05
   nstxout                        = 500
   nstvout                        = 500
   nstfout                        = 0
   nstlog                         = 500
   nstcalcenergy                  = 100
   nstenergy                      = 500
   nstxout-compressed             = 0
   compressed-x-precision         = 1000
   cutoff-scheme                  = Verlet
   nstlist                        = 10
   pbc                            = xyz
   periodic-molecules             = false
   verlet-buffer-tolerance        = 0.005
   verlet-buffer-pressure-tolerance = 0.5
   rlist                          = 1
   coulombtype                    = PME
   coulomb-modifier               = Potential-shift
   rcoulomb-switch                = 0
   rcoulomb                       = 1
   epsilon-r                      = 1
   epsilon-rf                     = inf
   vdw-type                       = Cut-off
   vdw-modifier                   = Potential-shift
   rvdw-switch                    = 0
   rvdw                           = 1
   DispCorr                       = EnerPres
   table-extension                = 1
   fourierspacing                 = 0.16
   fourier-nx                     = 28
   fourier-ny                     = 28
   fourier-nz                     = 28
   pme-order                      = 4
   ewald-rtol                     = 1e-05
   ewald-rtol-lj                  = 0.001
   lj-pme-comb-rule               = Geometric
   ewald-geometry                 = 3d
   epsilon-surface                = 0
   ensemble-temperature-setting   = constant
   ensemble-temperature           = 300
   tcoupl                         = V-rescale
   nsttcouple                     = 10
   nh-chain-length                = 0
   print-nose-hoover-chain-variables = false
   pcoupl                         = Parrinello-Rahman
   pcoupltype                     = Isotropic
   nstpcouple                     = 50
   tau-p                          = 2
   compressibility (3x3):
      compressibility[    0]={ 4.50000e-05,  0.00000e+00,  0.00000e+00}
      compressibility[    1]={ 0.00000e+00,  4.50000e-05,  0.00000e+00}
      compressibility[    2]={ 0.00000e+00,  0.00000e+00,  4.50000e-05}
   ref-p (3x3):
      ref-p[    0]={ 1.00000e+00,  0.00000e+00,  0.00000e+00}
      ref-p[    1]={ 0.00000e+00,  1.00000e+00,  0.00000e+00}
      ref-p[    2]={ 0.00000e+00,  0.00000e+00,  1.00000e+00}
   refcoord-scaling               = COM
   posres-com (3):
      posres-com[0]= 4.77720e-01
      posres-com[1]= 5.03473e-01
      posres-com[2]= 5.00015e-01
   posres-comB (3):
      posres-comB[0]= 4.77720e-01
      posres-comB[1]= 5.03473e-01
      posres-comB[2]= 5.00015e-01
   QMMM                           = false
qm-opts:
   ngQM                           = 0
   constraint-algorithm           = Lincs
   continuation                   = true
   Shake-SOR                      = false
   shake-tol                      = 0.0001
   lincs-order                    = 4
   lincs-iter                     = 1
   lincs-warnangle                = 30
   nwall                          = 0
   wall-type                      = 9-3
   wall-r-linpot                  = -1
   wall-atomtype[0]               = -1
   wall-atomtype[1]               = -1
   wall-density[0]                = 0
   wall-density[1]                = 0
   wall-ewald-zfac                = 3
   pull                           = false
   awh                            = false
   rotation                       = false
   interactiveMD                  = false
   disre                          = No
   disre-weighting                = Conservative
   disre-mixed                    = false
   dr-fc                          = 1000
   dr-tau                         = 0
   nstdisreout                    = 100
   orire-fc                       = 0
   orire-tau                      = 0
   nstorireout                    = 100
   free-energy                    = no
   cos-acceleration               = 0
   deform (3x3):
      deform[    0]={ 0.00000e+00,  0.00000e+00,  0.00000e+00}
      deform[    1]={ 0.00000e+00,  0.00000e+00,  0.00000e+00}
      deform[    2]={ 0.00000e+00,  0.00000e+00,  0.00000e+00}
   simulated-tempering            = false
   swapcoords                     = no
   userint1                       = 0
   userint2                       = 0
   userint3                       = 0
   userint4                       = 0
   userreal1                      = 0
   userreal2                      = 0
   userreal3                      = 0
   userreal4                      = 0
   applied-forces:
     electric-field:
       x:
         E0                       = 0
         omega                    = 0
         t0                       = 0
         sigma                    = 0
       y:
         E0                       = 0
         omega                    = 0
         t0                       = 0
         sigma                    = 0
       z:
         E0                       = 0
         omega                    = 0
         t0                       = 0
         sigma                    = 0
     density-guided-simulation:
       active                     = false
       group                      = protein
       similarity-measure         = inner-product
       atom-spreading-weight      = unity
       force-constant             = 1e+09
       gaussian-transform-spreading-width = 0.2
       gaussian-transform-spreading-range-in-multiples-of-width = 4
       reference-density-filename = reference.mrc
       nst                        = 1
       normalize-densities        = true
       adaptive-force-scaling     = false
       adaptive-force-scaling-time-constant = 4
       shift-vector               = 
       transformation-matrix      = 
     qmmm-cp2k:
       active                     = false
       qmgroup                    = System
       qmmethod                   = PBE
       qmfilenames                = 
       qmcharge                   = 0
       qmmultiplicity             = 1
     colvars:
       active                     = false
       configfile                 = 
       seed                       = -1
grpopts:
   nrdf:      222.93     9381.07
   ref-t:         300         300
   tau-t:         0.1         0.1
annealing:          No          No
annealing-npoints:           0           0
   acc:	           0           0           0
   nfreeze:           N           N           N
   energygrp-flags[  0]: 0

Changing nstlist from 10 to 50, rlist from 1 to 1.117


Initializing Domain Decomposition on 1 ranks
Dynamic load balancing: auto
Using update groups, nr 1613, average size 3.0 atoms, max. radius 0.130 nm
Minimum cell size due to atom displacement: 0.373 nm
Initial maximum distances in bonded interactions:
    two-body bonded interactions: 0.396 nm, LJ-14, atoms 33 40
  multi-body bonded interactions: 0.396 nm, Proper Dih., atoms 33 40
Minimum cell size due to bonded interactions: 0.436 nm
Using 0 separate PME ranks because: there are too few total ranks for efficient splitting
Optimizing the DD grid for 1 cells with a minimum initial size of 0.436 nm
The maximum allowed number of cells is: X 7 Y 7 Z 6
Domain decomposition grid 1 x 1 x 1, separate PME ranks 0
PME domain decomposition: 1 x 1 x 1

The initial number of communication pulses is:
The initial domain decomposition cell size is:

The maximum allowed distance for atom groups involved in interactions is:
                 non-bonded interactions           1.377 nm
(the following are initial values, they could change due to box deformation)
            two-body bonded interactions  (-rdd)   1.377 nm
          multi-body bonded interactions  (-rdd)   1.377 nm

When dynamic load balancing gets turned on, these settings will change to:
The maximum number of communication pulses is:
The minimum size for domain decomposition cells is 1.377 nm
The requested allowed shrink of DD cells (option -dds) is: 0.80
The allowed shrink of domain decomposition cells is:
The maximum allowed distance for atom groups involved in interactions is:
                 non-bonded interactions           1.377 nm
            two-body bonded interactions  (-rdd)   1.377 nm
          multi-body bonded interactions  (-rdd)   1.377 nm

Using 1 MPI thread
Using 4 OpenMP threads 

System total charge: 0.000
Will do PME sum in reciprocal space for electrostatic interactions.

++++ PLEASE READ AND CITE THE FOLLOWING REFERENCE ++++
U. Essmann, L. Perera, M. L. Berkowitz, T. Darden, H. Lee and L. G. Pedersen 
A smooth particle mesh Ewald method
J. Chem. Phys. 103 (1995) pp. 8577-8592
-------- -------- --- Thank You --- -------- --------

Using a Gaussian width (1/beta) of 0.320163 nm for Ewald
Potential shift: LJ r^-12: -1.000e+00 r^-6: -1.000e+00, Ewald -1.000e-05
Initialized non-bonded Coulomb Ewald tables, spacing: 9.33e-04 size: 1073

Generated table with 1058 data points for 1-4 COUL.
Tabscale = 500 points/nm
Generated table with 1058 data points for 1-4 LJ6.
Tabscale = 500 points/nm
Generated table with 1058 data points for 1-4 LJ12.
Tabscale = 500 points/nm
Long Range LJ corr.: <C6> 3.0121e-04


Using SIMD4xM 4x8 nonbonded short-range kernels

Using a dual 4x8 pair-list setup updated with dynamic pruning:
  outer list: updated every 50 steps, buffer 0.117 nm, rlist 1.117 nm
  inner list: updated every 10 steps, buffer 0.000 nm, rlist 1.000 nm
At tolerance 0.005 kJ/mol/ps per atom, equivalent classical 1x1 list would be:
  outer list: updated every 50 steps, buffer 0.246 nm, rlist 1.246 nm
  inner list: updated every 10 steps, buffer 0.036 nm, rlist 1.036 nm

The average pressure is off by at most 0.36 bar due to missing LJ interactions

Using Lorentz-Berthelot Lennard-Jones combination rule

Linking all bonded interactions to atoms


Pinning threads with an auto-selected logical cpu stride of 1

Initializing LINear Constraint Solver

++++ PLEASE READ AND CITE THE FOLLOWING REFERENCE ++++
B. Hess and H. Bekker and H. J. C. Berendsen and J. G. E. M. Fraaije
LINCS: A Linear Constraint Solver for molecular simulations
J. Comp. Chem. 18 (1997) pp. 1463-1472
-------- -------- --- Thank You --- -------- --------

The number of constraints is 38

++++ PLEASE READ AND CITE THE FOLLOWING REFERENCE ++++
S. Miyamoto and P. A. Kollman
SETTLE: An Analytical Version of the SHAKE and RATTLE Algorithms for Rigid
Water Models
J. Comp. Chem. 13 (1992) pp. 952-962
-------- -------- --- Thank You --- -------- --------


++++ PLEASE READ AND CITE THE FOLLOWING REFERENCE ++++
G. Bussi, D. Donadio and M. Parrinello
Canonical sampling through velocity rescaling
J. Chem. Phys. 126 (2007) pp. 014101
-------- -------- --- Thank You --- -------- --------

There are: 4779 Atoms
Atom distribution over 1 domains: av 4779 stddev 0 min 4779 max 4779
Center of mass motion removal mode is Linear
We have the following groups for center of mass motion removal:
  0:  rest

Started mdrun on rank 0 Sat May  4 13:09:59 2024

           Step           Time
              0        0.00000

   Energies (kJ/mol)
           Bond            U-B    Proper Dih.  Improper Dih.      CMAP Dih.
    9.90516e+01    2.07561e+02    8.56884e+01    2.39320e+01   -1.98630e+02
          LJ-14     Coulomb-14        LJ (SR)  Disper. corr.   Coulomb (SR)
    3.34513e+01    3.69988e+03    1.33789e+04   -5.77150e+02   -9.02852e+04
   Coul. recip. Position Rest.      Potential    Kinetic En.   Total Energy
    4.09886e+02    6.24078e-03   -7.31226e+04    1.21890e+04   -6.09336e+04
  Conserved En.    Temperature Pres. DC (bar) Pressure (bar)   Constr. rmsd
   -6.09306e+04    3.05289e+02   -1.92429e+02   -1.40348e+03    2.34783e-06

           Step           Time
            500        1.00000

   Energies (kJ/mol)
           Bond            U-B    Proper Dih.  Improper Dih.      CMAP Dih.
    6.79995e+01    2.18273e+02    8.63619e+01    2.80713e+01   -1.95596e+02
          LJ-14     Coulomb-14        LJ (SR)  Disper. corr.   Coulomb (SR)
    3.36473e+01    3.74627e+03    1.39411e+04   -6.12362e+02   -9.10140e+04
   Coul. recip. Position Rest.      Potential    Kinetic En.   Total Energy
    4.05140e+02    3.99766e+01   -7.32551e+04    1.19496e+04   -6.13054e+04
  Conserved En.    Temperature Pres. DC (bar) Pressure (bar)   Constr. rmsd
   -6.08087e+04    2.99294e+02   -2.16595e+02    1.01387e+02    1.43423e-06

           Step           Time
           1000        2.00000

   Energies (kJ/mol)
           Bond            U-B    Proper Dih.  Improper Dih.      CMAP Dih.
    6.84816e+01    2.05666e+02    8.50092e+01    2.29020e+01   -1.94347e+02
          LJ-14     Coulomb-14        LJ (SR)  Disper. corr.   Coulomb (SR)
    3.37781e+01    3.71699e+03    1.44488e+04   -5.96689e+02   -9.18753e+04
   Coul. recip. Position Rest.      Potential    Kinetic En.   Total Energy
    3.70068e+02    2.44278e+01   -7.36902e+04    1.18000e+04   -6.18903e+04
  Conserved En.    Temperature Pres. DC (bar) Pressure (bar)   Constr. rmsd
   -6.07555e+04    2.95546e+02   -2.05662e+02   -8.66150e-01    3.07073e-06

           Step           Time
           1500        3.00000

   Energies (kJ/mol)
           Bond            U-B    Proper Dih.  Improper Dih.      CMAP Dih.
    5.87067e+01    1.77031e+02    7.95870e+01    1.89377e+01   -1.94495e+02
          LJ-14     Coulomb-14        LJ (SR)  Disper. corr.   Coulomb (SR)
    3.71190e+01    3.75212e+03    1.51121e+04   -6.13011e+02   -9.29467e+04
   Coul. recip. Position Rest.      Potential    Kinetic En.   Total Energy
    3.84840e+02    2.40989e+01   -7.41096e+04    1.18488e+04   -6.22609e+04
  Conserved En.    Temperature Pres. DC (bar) Pressure (bar)   Constr. rmsd
   -6.07439e+04    2.96768e+02   -2.17054e+02    1.17606e+03    2.76182e-06

           Step           Time
           2000        4.00000

   Energies (kJ/mol)
           Bond            U-B    Proper Dih.  Improper Dih.      CMAP Dih.
    4.63935e+01    1.72993e+02    7.26124e+01    1.47040e+01   -2.01178e+02
          LJ-14     Coulomb-14        LJ (SR)  Disper. corr.   Coulomb (SR)
    4.25960e+01    3.76195e+03    1.44567e+04   -6.07926e+02   -9.21648e+04
   Coul. recip. Position Rest.      Potential    Kinetic En.   Total Energy
    4.11263e+02    4.22866e+01   -7.39523e+04    1.17366e+04   -6.22157e+04
  Conserved En.    Temperature Pres. DC (bar) Pressure (bar)   Constr. rmsd
   -6.07567e+04    2.93959e+02   -2.13472e+02    2.12699e+02    3.06997e-06

           Step           Time
           2500        5.00000

   Energies (kJ/mol)
           Bond            U-B    Proper Dih.  Improper Dih.      CMAP Dih.
    7.46450e+01    1.85342e+02    7.93613e+01    1.56090e+01   -1.99612e+02
          LJ-14     Coulomb-14        LJ (SR)  Disper. corr.   Coulomb (SR)
    4.14562e+01    3.76326e+03    1.45026e+04   -6.07298e+02   -9.20798e+04
   Coul. recip. Position Rest.      Potential    Kinetic En.   Total Energy
    3.91997e+02    4.61272e+01   -7.37862e+04    1.19571e+04   -6.18291e+04
  Conserved En.    Temperature Pres. DC (bar) Pressure (bar)   Constr. rmsd
   -6.07516e+04    2.99481e+02   -2.13031e+02    3.01028e+02    2.50522e-06

           Step           Time
           3000        6.00000

   Energies (kJ/mol)
           Bond            U-B    Proper Dih.  Improper Dih.      CMAP Dih.
    6.25183e+01    1.72899e+02    7.85048e+01    1.94024e+01   -1.92762e+02
          LJ-14     Coulomb-14        LJ (SR)  Disper. corr.   Coulomb (SR)
    3.74541e+01    3.73642e+03    1.39700e+04   -6.09949e+02   -9.18073e+04
   Coul. recip. Position Rest.      Potential    Kinetic En.   Total Energy
    3.90515e+02    4.28415e+01   -7.40994e+04    1.17412e+04   -6.23582e+04
  Conserved En.    Temperature Pres. DC (bar) Pressure (bar)   Constr. rmsd
   -6.07300e+04    2.94073e+02   -2.14893e+02   -2.95239e+02    2.09769e-06

           Step           Time
           3500        7.00000

   Energies (kJ/mol)
           Bond            U-B    Proper Dih.  Improper Dih.      CMAP Dih.
    1.01301e+02    1.95650e+02    9.62935e+01    1.95269e+01   -1.93709e+02
          LJ-14     Coulomb-14        LJ (SR)  Disper. corr.   Coulomb (SR)
    2.35701e+01    3.67029e+03    1.36493e+04   -6.02828e+02   -9.10148e+04
   Coul. recip. Position Rest.      Potential    Kinetic En.   Total Energy
    3.96049e+02    3.28739e+01   -7.36265e+04    1.21086e+04   -6.15179e+04
  Conserved En.    Temperature Pres. DC (bar) Pressure (bar)   Constr. rmsd
   -6.07129e+04    3.03276e+02   -2.09910e+02   -9.98368e+02    3.09831e-06

           Step           Time
           4000        8.00000

   Energies (kJ/mol)
           Bond            U-B    Proper Dih.  Improper Dih.      CMAP Dih.
    7.43739e+01    1.85676e+02    8.27341e+01    2.08436e+01   -2.00532e+02
          LJ-14     Coulomb-14        LJ (SR)  Disper. corr.   Coulomb (SR)
    2.97657e+01    3.71529e+03    1.41226e+04   -6.00748e+02   -9.18927e+04
   Coul. recip. Position Rest.      Potential    Kinetic En.   Total Energy
    3.93887e+02    2.42922e+01   -7.40444e+04    1.17863e+04   -6.22581e+04
  Conserved En.    Temperature Pres. DC (bar) Pressure (bar)   Constr. rmsd
   -6.06810e+04    2.95204e+02   -2.08467e+02   -4.72132e+02    2.95079e-06

           Step           Time
           4500        9.00000

   Energies (kJ/mol)
           Bond            U-B    Proper Dih.  Improper Dih.      CMAP Dih.
    7.57390e+01    1.88470e+02    8.88504e+01    1.83825e+01   -1.98614e+02
          LJ-14     Coulomb-14        LJ (SR)  Disper. corr.   Coulomb (SR)
    3.96456e+01    3.73996e+03    1.43223e+04   -6.02707e+02   -9.15650e+04
   Coul. recip. Position Rest.      Potential    Kinetic En.   Total Energy
    3.94022e+02    3.04184e+01   -7.34686e+04    1.21761e+04   -6.12925e+04
  Conserved En.    Temperature Pres. DC (bar) Pressure (bar)   Constr. rmsd
   -6.06928e+04    3.04966e+02   -2.09827e+02    1.47624e+02    3.96651e-06

           Step           Time
           5000       10.00000

   Energies (kJ/mol)
           Bond            U-B    Proper Dih.  Improper Dih.      CMAP Dih.
    6.72906e+01    1.62100e+02    7.93561e+01    2.25619e+01   -1.88535e+02
          LJ-14     Coulomb-14        LJ (SR)  Disper. corr.   Coulomb (SR)
    3.68115e+01    3.76826e+03    1.44828e+04   -6.08077e+02   -9.25830e+04
   Coul. recip. Position Rest.      Potential    Kinetic En.   Total Energy
    3.87760e+02    4.25417e+01   -7.43302e+04    1.20488e+04   -6.22814e+04
  Conserved En.    Temperature Pres. DC (bar) Pressure (bar)   Constr. rmsd
   -6.06870e+04    3.01778e+02   -2.13577e+02    4.01916e+01    2.18328e-06

           Step           Time
           5500       11.00000

   Energies (kJ/mol)
           Bond            U-B    Proper Dih.  Improper Dih.      CMAP Dih.
    9.49125e+01    1.75560e+02    8.00128e+01    2.47705e+01   -1.88323e+02
          LJ-14     Coulomb-14        LJ (SR)  Disper. corr.   Coulomb (SR)
    5.29185e+01    3.73747e+03    1.45254e+04   -6.04377e+02   -9.21924e+04
   Coul. recip. Position Rest.      Potential    Kinetic En.   Total Energy
    3.98947e+02    2.77035e+01   -7.38674e+04    1.18954e+04   -6.19720e+04
  Conserved En.    Temperature Pres. DC (bar) Pressure (bar)   Constr. rmsd
   -6.06849e+04    2.97937e+02   -2.10990e+02    8.81925e+01    2.82184e-06

           Step           Time
           6000       12.00000

   Energies (kJ/mol)
           Bond            U-B    Proper Dih.  Improper Dih.      CMAP Dih.
    6.94691e+01    1.62081e+02    7.84891e+01    1.59467e+01   -1.94946e+02
          LJ-14     Coulomb-14        LJ (SR)  Disper. corr.   Coulomb (SR)
    3.35517e+01    3.74578e+03    1.43397e+04   -5.98387e+02   -9.22433e+04
   Coul. recip. Position Rest.      Potential    Kinetic En.   Total Energy
    4.22751e+02    3.60284e+01   -7.41328e+04    1.19880e+04   -6.21448e+04
  Conserved En.    Temperature Pres. DC (bar) Pressure (bar)   Constr. rmsd
   -6.06780e+04    3.00256e+02   -2.06833e+02   -1.53103e+02    2.30012e-06

           Step           Time
           6500       13.00000

   Energies (kJ/mol)
           Bond            U-B    Proper Dih.  Improper Dih.      CMAP Dih.
    8.39228e+01    2.22118e+02    7.94161e+01    2.78733e+01   -1.99596e+02
          LJ-14     Coulomb-14        LJ (SR)  Disper. corr.   Coulomb (SR)
    4.04379e+01    3.71269e+03    1.39491e+04   -6.06451e+02   -9.11127e+04
   Coul. recip. Position Rest.      Potential    Kinetic En.   Total Energy
    4.30968e+02    4.42885e+01   -7.33279e+04    1.18689e+04   -6.14591e+04
  Conserved En.    Temperature Pres. DC (bar) Pressure (bar)   Constr. rmsd
   -6.06599e+04    2.97271e+02   -2.12438e+02   -3.01015e+01    2.56987e-06

           Step           Time
           7000       14.00000

   Energies (kJ/mol)
           Bond            U-B    Proper Dih.  Improper Dih.      CMAP Dih.
    8.07023e+01    1.68492e+02    7.55018e+01    1.33379e+01   -1.96984e+02
          LJ-14     Coulomb-14        LJ (SR)  Disper. corr.   Coulomb (SR)
    2.84011e+01    3.73741e+03    1.43392e+04   -6.07359e+02   -9.19996e+04
   Coul. recip. Position Rest.      Potential    Kinetic En.   Total Energy
    4.19092e+02    2.21115e+01   -7.39196e+04    1.19953e+04   -6.19243e+04
  Conserved En.    Temperature Pres. DC (bar) Pressure (bar)   Constr. rmsd
   -6.06631e+04    3.00439e+02   -2.13074e+02    7.95173e+01    2.60909e-06

           Step           Time
           7500       15.00000

   Energies (kJ/mol)
           Bond            U-B    Proper Dih.  Improper Dih.      CMAP Dih.
    1.00077e+02    2.17160e+02    8.10256e+01    2.58108e+01   -1.97969e+02
          LJ-14     Coulomb-14        LJ (SR)  Disper. corr.   Coulomb (SR)
    3.80663e+01    3.72955e+03    1.38171e+04   -5.97328e+02   -9.10068e+04
   Coul. recip. Position Rest.      Potential    Kinetic En.   Total Energy
    4.03522e+02    3.20113e+01   -7.33578e+04    1.20126e+04   -6.13451e+04
  Conserved En.    Temperature Pres. DC (bar) Pressure (bar)   Constr. rmsd
   -6.06461e+04    3.00872e+02   -2.06103e+02   -4.89260e+02    2.19132e-06

           Step           Time
           8000       16.00000

   Energies (kJ/mol)
           Bond            U-B    Proper Dih.  Improper Dih.      CMAP Dih.
    8.68734e+01    1.94824e+02    8.03719e+01    1.57648e+01   -1.87569e+02
          LJ-14     Coulomb-14        LJ (SR)  Disper. corr.   Coulomb (SR)
    2.58784e+01    3.69909e+03    1.41361e+04   -6.11308e+02   -9.16768e+04
   Coul. recip. Position Rest.      Potential    Kinetic En.   Total Energy
    3.91351e+02    3.63350e+01   -7.38091e+04    1.18297e+04   -6.19794e+04
  Conserved En.    Temperature Pres. DC (bar) Pressure (bar)   Constr. rmsd
   -6.06324e+04    2.96291e+02   -2.15851e+02    6.93784e+00    1.66514e-06

           Step           Time
           8500       17.00000

   Energies (kJ/mol)
           Bond            U-B    Proper Dih.  Improper Dih.      CMAP Dih.
    9.42706e+01    2.13426e+02    9.71346e+01    1.94275e+01   -1.96494e+02
          LJ-14     Coulomb-14        LJ (SR)  Disper. corr.   Coulomb (SR)
    3.00076e+01    3.70763e+03    1.44332e+04   -6.04453e+02   -9.14784e+04
   Coul. recip. Position Rest.      Potential    Kinetic En.   Total Energy
    3.68407e+02    3.18630e+01   -7.32839e+04    1.20626e+04   -6.12214e+04
  Conserved En.    Temperature Pres. DC (bar) Pressure (bar)   Constr. rmsd
   -6.06121e+04    3.02123e+02   -2.11042e+02    2.35019e+02    1.36393e-06

           Step           Time
           9000       18.00000

   Energies (kJ/mol)
           Bond            U-B    Proper Dih.  Improper Dih.      CMAP Dih.
    8.18840e+01    1.76388e+02    8.88360e+01    3.47816e+01   -1.92862e+02
          LJ-14     Coulomb-14        LJ (SR)  Disper. corr.   Coulomb (SR)
    4.57812e+01    3.75152e+03    1.40391e+04   -5.97978e+02   -9.12783e+04
   Coul. recip. Position Rest.      Potential    Kinetic En.   Total Energy
    3.98644e+02    4.04560e+01   -7.34117e+04    1.20246e+04   -6.13871e+04
  Conserved En.    Temperature Pres. DC (bar) Pressure (bar)   Constr. rmsd
   -6.06145e+04    3.01172e+02   -2.06551e+02   -3.14133e+02    1.59342e-06

           Step           Time
           9500       19.00000

   Energies (kJ/mol)
           Bond            U-B    Proper Dih.  Improper Dih.      CMAP Dih.
    7.68626e+01    1.66544e+02    8.77892e+01    3.13953e+01   -1.89320e+02
          LJ-14     Coulomb-14        LJ (SR)  Disper. corr.   Coulomb (SR)
    5.06538e+01    3.73953e+03    1.40094e+04   -6.00721e+02   -9.12079e+04
   Coul. recip. Position Rest.      Potential    Kinetic En.   Total Energy
    4.16691e+02    3.37830e+01   -7.33853e+04    1.21101e+04   -6.12753e+04
  Conserved En.    Temperature Pres. DC (bar) Pressure (bar)   Constr. rmsd
   -6.06166e+04    3.03312e+02   -2.08448e+02   -2.15777e+02    4.86763e-06

           Step           Time
          10000       20.00000

   Energies (kJ/mol)
           Bond            U-B    Proper Dih.  Improper Dih.      CMAP Dih.
    6.92380e+01    1.78732e+02    8.95112e+01    2.07757e+01   -1.99343e+02
          LJ-14     Coulomb-14        LJ (SR)  Disper. corr.   Coulomb (SR)
    3.87765e+01    3.74442e+03    1.44775e+04   -6.05148e+02   -9.19962e+04
   Coul. recip. Position Rest.      Potential    Kinetic En.   Total Energy
    4.10744e+02    3.47167e+01   -7.37363e+04    1.20729e+04   -6.16634e+04
  Conserved En.    Temperature Pres. DC (bar) Pressure (bar)   Constr. rmsd
   -6.06176e+04    3.02383e+02   -2.11527e+02    1.88912e+02    1.66478e-06

           Step           Time
          10500       21.00000

   Energies (kJ/mol)
           Bond            U-B    Proper Dih.  Improper Dih.      CMAP Dih.
    7.97720e+01    2.05456e+02    7.53437e+01    2.58994e+01   -2.00455e+02
          LJ-14     Coulomb-14        LJ (SR)  Disper. corr.   Coulomb (SR)
    3.06649e+01    3.72816e+03    1.44684e+04   -6.10469e+02   -9.16062e+04
   Coul. recip. Position Rest.      Potential    Kinetic En.   Total Energy
    3.99820e+02    4.57068e+01   -7.33579e+04    1.22285e+04   -6.11295e+04
  Conserved En.    Temperature Pres. DC (bar) Pressure (bar)   Constr. rmsd
   -6.06141e+04    3.06278e+02   -2.15260e+02    6.98019e+02    1.84169e-06

           Step           Time
          11000       22.00000

   Energies (kJ/mol)
           Bond            U-B    Proper Dih.  Improper Dih.      CMAP Dih.
    8.30940e+01    1.94761e+02    7.28863e+01    2.44977e+01   -1.85064e+02
          LJ-14     Coulomb-14        LJ (SR)  Disper. corr.   Coulomb (SR)
    3.19646e+01    3.72477e+03    1.45458e+04   -6.05784e+02   -9.17652e+04
   Coul. recip. Position Rest.      Potential    Kinetic En.   Total Energy
    4.21591e+02    3.61098e+01   -7.34205e+04    1.22237e+04   -6.11968e+04
  Conserved En.    Temperature Pres. DC (bar) Pressure (bar)   Constr. rmsd
   -6.06048e+04    3.06159e+02   -2.11972e+02    5.26777e+02    2.45032e-06

           Step           Time
          11500       23.00000

   Energies (kJ/mol)
           Bond            U-B    Proper Dih.  Improper Dih.      CMAP Dih.
    9.76098e+01    2.06464e+02    7.42867e+01    2.53119e+01   -1.91947e+02
          LJ-14     Coulomb-14        LJ (SR)  Disper. corr.   Coulomb (SR)
    5.06183e+01    3.71027e+03    1.38019e+04   -6.10167e+02   -9.07850e+04
   Coul. recip. Position Rest.      Potential    Kinetic En.   Total Energy
    3.61792e+02    4.27363e+01   -7.32162e+04    1.19445e+04   -6.12716e+04
  Conserved En.    Temperature Pres. DC (bar) Pressure (bar)   Constr. rmsd
   -6.06156e+04    2.99167e+02   -2.15046e+02   -1.32206e+02    3.56938e-06

           Step           Time
          12000       24.00000

   Energies (kJ/mol)
           Bond            U-B    Proper Dih.  Improper Dih.      CMAP Dih.
    4.94022e+01    1.99340e+02    8.37405e+01    1.61308e+01   -1.96465e+02
          LJ-14     Coulomb-14        LJ (SR)  Disper. corr.   Coulomb (SR)
    4.55874e+01    3.74489e+03    1.38927e+04   -5.98743e+02   -9.10116e+04
   Coul. recip. Position Rest.      Potential    Kinetic En.   Total Energy
    4.10666e+02    3.55994e+01   -7.33287e+04    1.20322e+04   -6.12964e+04
  Conserved En.    Temperature Pres. DC (bar) Pressure (bar)   Constr. rmsd
   -6.06129e+04    3.01363e+02   -2.07079e+02   -2.14906e+02    4.06446e-06

           Step           Time
          12500       25.00000

   Energies (kJ/mol)
           Bond            U-B    Proper Dih.  Improper Dih.      CMAP Dih.
    8.67568e+01    1.94374e+02    7.11174e+01    2.84803e+01   -1.93005e+02
          LJ-14     Coulomb-14        LJ (SR)  Disper. corr.   Coulomb (SR)
    3.06405e+01    3.70407e+03    1.44077e+04   -6.07130e+02   -9.16355e+04
   Coul. recip. Position Rest.      Potential    Kinetic En.   Total Energy
    4.00975e+02    4.19817e+01   -7.34695e+04    1.20014e+04   -6.14681e+04
  Conserved En.    Temperature Pres. DC (bar) Pressure (bar)   Constr. rmsd
   -6.06018e+04    3.00591e+02   -2.12914e+02    3.01882e+02    2.70798e-06

           Step           Time
          13000       26.00000

   Energies (kJ/mol)
           Bond            U-B    Proper Dih.  Improper Dih.      CMAP Dih.
    8.55348e+01    1.90653e+02    7.86084e+01    2.44116e+01   -1.97928e+02
          LJ-14     Coulomb-14        LJ (SR)  Disper. corr.   Coulomb (SR)
    3.21964e+01    3.72051e+03    1.40584e+04   -6.05061e+02   -9.15490e+04
   Coul. recip. Position Rest.      Potential    Kinetic En.   Total Energy
    3.91150e+02    3.62835e+01   -7.37343e+04    1.20130e+04   -6.17212e+04
  Conserved En.    Temperature Pres. DC (bar) Pressure (bar)   Constr. rmsd
   -6.05996e+04    3.00882e+02   -2.11467e+02   -3.36467e+02    2.26330e-06

           Step           Time
          13500       27.00000

   Energies (kJ/mol)
           Bond            U-B    Proper Dih.  Improper Dih.      CMAP Dih.
    8.10794e+01    1.93198e+02    8.54622e+01    1.61337e+01   -1.91999e+02
          LJ-14     Coulomb-14        LJ (SR)  Disper. corr.   Coulomb (SR)
    3.33472e+01    3.74225e+03    1.40669e+04   -5.94122e+02   -9.11029e+04
   Coul. recip. Position Rest.      Potential    Kinetic En.   Total Energy
    4.21811e+02    3.52723e+01   -7.32136e+04    1.17009e+04   -6.15126e+04
  Conserved En.    Temperature Pres. DC (bar) Pressure (bar)   Constr. rmsd
   -6.05912e+04    2.93065e+02   -2.03898e+02   -4.83754e+02    2.20698e-06

           Step           Time
          14000       28.00000

   Energies (kJ/mol)
           Bond            U-B    Proper Dih.  Improper Dih.      CMAP Dih.
    9.68981e+01    1.94915e+02    7.11997e+01    2.11918e+01   -1.92283e+02
          LJ-14     Coulomb-14        LJ (SR)  Disper. corr.   Coulomb (SR)
    3.85452e+01    3.74146e+03    1.44189e+04   -6.07751e+02   -9.20195e+04
   Coul. recip. Position Rest.      Potential    Kinetic En.   Total Energy
    3.75608e+02    3.31862e+01   -7.38276e+04    1.21538e+04   -6.16738e+04
  Conserved En.    Temperature Pres. DC (bar) Pressure (bar)   Constr. rmsd
   -6.05739e+04    3.04408e+02   -2.13349e+02    2.63710e+01    3.46161e-06

           Step           Time
          14500       29.00000

   Energies (kJ/mol)
           Bond            U-B    Proper Dih.  Improper Dih.      CMAP Dih.
    5.59234e+01    2.21591e+02    8.36047e+01    1.75557e+01   -1.94303e+02
          LJ-14     Coulomb-14        LJ (SR)  Disper. corr.   Coulomb (SR)
    3.83229e+01    3.69656e+03    1.44571e+04   -5.98464e+02   -9.20602e+04
   Coul. recip. Position Rest.      Potential    Kinetic En.   Total Energy
    3.87552e+02    2.90339e+01   -7.38657e+04    1.19849e+04   -6.18808e+04
  Conserved En.    Temperature Pres. DC (bar) Pressure (bar)   Constr. rmsd
   -6.05781e+04    3.00176e+02   -2.06886e+02    1.77615e+02    2.16498e-06

           Step           Time
          15000       30.00000

   Energies (kJ/mol)
           Bond            U-B    Proper Dih.  Improper Dih.      CMAP Dih.
    6.58882e+01    1.72701e+02    7.63791e+01    2.30757e+01   -1.87672e+02
          LJ-14     Coulomb-14        LJ (SR)  Disper. corr.   Coulomb (SR)
    4.04340e+01    3.74976e+03    1.42956e+04   -6.02333e+02   -9.19150e+04
   Coul. recip. Position Rest.      Potential    Kinetic En.   Total Energy
    4.13100e+02    2.80630e+01   -7.38400e+04    1.18099e+04   -6.20300e+04
  Conserved En.    Temperature Pres. DC (bar) Pressure (bar)   Constr. rmsd
   -6.05605e+04    2.95795e+02   -2.09566e+02   -8.32761e+01    2.21978e-06

           Step           Time
          15500       31.00000

   Energies (kJ/mol)
           Bond            U-B    Proper Dih.  Improper Dih.      CMAP Dih.
    5.99535e+01    2.46310e+02    8.22845e+01    1.81787e+01   -1.91463e+02
          LJ-14     Coulomb-14        LJ (SR)  Disper. corr.   Coulomb (SR)
    4.32089e+01    3.74488e+03    1.41011e+04   -5.95982e+02   -9.10521e+04
   Coul. recip. Position Rest.      Potential    Kinetic En.   Total Energy
    4.13173e+02    2.74867e+01   -7.31030e+04    1.21938e+04   -6.09092e+04
  Conserved En.    Temperature Pres. DC (bar) Pressure (bar)   Constr. rmsd
   -6.05469e+04    3.05409e+02   -2.05176e+02    1.24126e+02    1.80402e-06

           Step           Time
          16000       32.00000

   Energies (kJ/mol)
           Bond            U-B    Proper Dih.  Improper Dih.      CMAP Dih.
    5.05663e+01    1.79263e+02    8.12011e+01    1.84234e+01   -1.89648e+02
          LJ-14     Coulomb-14        LJ (SR)  Disper. corr.   Coulomb (SR)
    4.73070e+01    3.76610e+03    1.43418e+04   -6.02410e+02   -9.17272e+04
   Coul. recip. Position Rest.      Potential    Kinetic En.   Total Energy
    4.11660e+02    3.69644e+01   -7.35860e+04    1.20618e+04   -6.15242e+04
  Conserved En.    Temperature Pres. DC (bar) Pressure (bar)   Constr. rmsd
   -6.05249e+04    3.02104e+02   -2.09620e+02    3.13576e+02    3.93283e-06

           Step           Time
          16500       33.00000

   Energies (kJ/mol)
           Bond            U-B    Proper Dih.  Improper Dih.      CMAP Dih.
    5.79943e+01    1.89215e+02    8.98713e+01    2.71957e+01   -1.95167e+02
          LJ-14     Coulomb-14        LJ (SR)  Disper. corr.   Coulomb (SR)
    4.24045e+01    3.75113e+03    1.42246e+04   -5.97955e+02   -9.15340e+04
   Coul. recip. Position Rest.      Potential    Kinetic En.   Total Energy
    4.16868e+02    3.50053e+01   -7.34929e+04    1.19516e+04   -6.15412e+04
  Conserved En.    Temperature Pres. DC (bar) Pressure (bar)   Constr. rmsd
   -6.04614e+04    2.99344e+02   -2.06534e+02   -1.00413e+01    2.87517e-06

           Step           Time
          17000       34.00000

   Energies (kJ/mol)
           Bond            U-B    Proper Dih.  Improper Dih.      CMAP Dih.
    1.27195e+02    1.84784e+02    6.80571e+01    1.49984e+01   -1.91794e+02
          LJ-14     Coulomb-14        LJ (SR)  Disper. corr.   Coulomb (SR)
    4.07642e+01    3.75029e+03    1.42862e+04   -6.01851e+02   -9.13103e+04
   Coul. recip. Position Rest.      Potential    Kinetic En.   Total Energy
    4.07112e+02    4.29589e+01   -7.31816e+04    1.20795e+04   -6.11021e+04
  Conserved En.    Temperature Pres. DC (bar) Pressure (bar)   Constr. rmsd
   -6.04607e+04    3.02547e+02   -2.09232e+02    4.83133e+02    2.90026e-06

           Step           Time
          17500       35.00000

   Energies (kJ/mol)
           Bond            U-B    Proper Dih.  Improper Dih.      CMAP Dih.
    7.76788e+01    2.01160e+02    7.09341e+01    1.47689e+01   -1.88859e+02
          LJ-14     Coulomb-14        LJ (SR)  Disper. corr.   Coulomb (SR)
    3.32962e+01    3.71609e+03    1.45536e+04   -6.03459e+02   -9.22775e+04
   Coul. recip. Position Rest.      Potential    Kinetic En.   Total Energy
    4.18864e+02    4.19224e+01   -7.39415e+04    1.17555e+04   -6.21860e+04
  Conserved En.    Temperature Pres. DC (bar) Pressure (bar)   Constr. rmsd
   -6.04057e+04    2.94432e+02   -2.10350e+02    9.30156e+01    2.48281e-06

           Step           Time
          18000       36.00000

   Energies (kJ/mol)
           Bond            U-B    Proper Dih.  Improper Dih.      CMAP Dih.
    9.86693e+01    1.53414e+02    7.30546e+01    2.49402e+01   -1.90416e+02
          LJ-14     Coulomb-14        LJ (SR)  Disper. corr.   Coulomb (SR)
    4.20661e+01    3.74251e+03    1.38031e+04   -6.00666e+02   -9.11786e+04
   Coul. recip. Position Rest.      Potential    Kinetic En.   Total Energy
    3.68027e+02    3.75741e+01   -7.36264e+04    1.20695e+04   -6.15569e+04
  Conserved En.    Temperature Pres. DC (bar) Pressure (bar)   Constr. rmsd
   -6.03936e+04    3.02295e+02   -2.08409e+02   -4.34069e+02    1.85504e-06

           Step           Time
          18500       37.00000

   Energies (kJ/mol)
           Bond            U-B    Proper Dih.  Improper Dih.      CMAP Dih.
    6.96704e+01    1.71200e+02    7.61180e+01    2.20699e+01   -1.87078e+02
          LJ-14     Coulomb-14        LJ (SR)  Disper. corr.   Coulomb (SR)
    3.82385e+01    3.73673e+03    1.41561e+04   -6.03164e+02   -9.18870e+04
   Coul. recip. Position Rest.      Potential    Kinetic En.   Total Energy
    3.98238e+02    3.20121e+01   -7.39769e+04    1.19415e+04   -6.20354e+04
  Conserved En.    Temperature Pres. DC (bar) Pressure (bar)   Constr. rmsd
   -6.03959e+04    2.99089e+02   -2.10145e+02   -3.56496e+02    2.28137e-06

           Step           Time
          19000       38.00000

   Energies (kJ/mol)
           Bond            U-B    Proper Dih.  Improper Dih.      CMAP Dih.
    5.59020e+01    1.99446e+02    8.10978e+01    2.32704e+01   -2.01344e+02
          LJ-14     Coulomb-14        LJ (SR)  Disper. corr.   Coulomb (SR)
    4.12254e+01    3.74473e+03    1.36867e+04   -5.91926e+02   -9.07652e+04
   Coul. recip. Position Rest.      Potential    Kinetic En.   Total Energy
    4.09141e+02    3.17993e+01   -7.32853e+04    1.17793e+04   -6.15060e+04
  Conserved En.    Temperature Pres. DC (bar) Pressure (bar)   Constr. rmsd
   -6.03587e+04    2.95028e+02   -2.02396e+02   -6.24520e+02    2.48730e-06

           Step           Time
          19500       39.00000

   Energies (kJ/mol)
           Bond            U-B    Proper Dih.  Improper Dih.      CMAP Dih.
    6.96247e+01    1.84145e+02    9.84925e+01    2.67203e+01   -1.93083e+02
          LJ-14     Coulomb-14        LJ (SR)  Disper. corr.   Coulomb (SR)
    3.41895e+01    3.73087e+03    1.43433e+04   -6.02970e+02   -9.19767e+04
   Coul. recip. Position Rest.      Potential    Kinetic En.   Total Energy
    4.15020e+02    4.40633e+01   -7.38263e+04    1.19674e+04   -6.18589e+04
  Conserved En.    Temperature Pres. DC (bar) Pressure (bar)   Constr. rmsd
   -6.03062e+04    2.99739e+02   -2.10009e+02   -2.17112e+02    2.74662e-06

           Step           Time
          20000       40.00000

   Energies (kJ/mol)
           Bond            U-B    Proper Dih.  Improper Dih.      CMAP Dih.
    7.87130e+01    1.82892e+02    7.91596e+01    2.13202e+01   -1.88948e+02
          LJ-14     Coulomb-14        LJ (SR)  Disper. corr.   Coulomb (SR)
    4.35519e+01    3.74977e+03    1.44402e+04   -6.01900e+02   -9.17435e+04
   Coul. recip. Position Rest.      Potential    Kinetic En.   Total Energy
    4.09394e+02    3.46945e+01   -7.34948e+04    1.18090e+04   -6.16858e+04
  Conserved En.    Temperature Pres. DC (bar) Pressure (bar)   Constr. rmsd
   -6.02595e+04    2.95772e+02   -2.09266e+02    1.89088e+02    1.94220e-06

           Step           Time
          20500       41.00000

   Energies (kJ/mol)
           Bond            U-B    Proper Dih.  Improper Dih.      CMAP Dih.
    8.86910e+01    1.77812e+02    8.28514e+01    1.48742e+01   -1.95560e+02
          LJ-14     Coulomb-14        LJ (SR)  Disper. corr.   Coulomb (SR)
    3.03860e+01    3.74335e+03    1.37346e+04   -6.03175e+02   -9.07820e+04
   Coul. recip. Position Rest.      Potential    Kinetic En.   Total Energy
    4.25981e+02    3.18301e+01   -7.32503e+04    1.18800e+04   -6.13703e+04
  Conserved En.    Temperature Pres. DC (bar) Pressure (bar)   Constr. rmsd
   -6.02595e+04    2.97550e+02   -2.10152e+02   -5.23627e+02    2.88035e-06

           Step           Time
          21000       42.00000

   Energies (kJ/mol)
           Bond            U-B    Proper Dih.  Improper Dih.      CMAP Dih.
    6.02119e+01    1.72530e+02    7.56367e+01    1.81501e+01   -1.92166e+02
          LJ-14     Coulomb-14        LJ (SR)  Disper. corr.   Coulomb (SR)
    3.53844e+01    3.76286e+03    1.45657e+04   -6.12721e+02   -9.25772e+04
   Coul. recip. Position Rest.      Potential    Kinetic En.   Total Energy
    3.84812e+02    2.65787e+01   -7.42802e+04    1.16761e+04   -6.26042e+04
  Conserved En.    Temperature Pres. DC (bar) Pressure (bar)   Constr. rmsd
   -6.02433e+04    2.92442e+02   -2.16848e+02    1.52431e+02    1.98677e-06

           Step           Time
          21500       43.00000

   Energies (kJ/mol)
           Bond            U-B    Proper Dih.  Improper Dih.      CMAP Dih.
    7.69514e+01    2.27862e+02    7.95199e+01    1.41931e+01   -1.96454e+02
          LJ-14     Coulomb-14        LJ (SR)  Disper. corr.   Coulomb (SR)
    2.83314e+01    3.73024e+03    1.44103e+04   -6.06576e+02   -9.21113e+04
   Coul. recip. Position Rest.      Potential    Kinetic En.   Total Energy
    4.12305e+02    3.74620e+01   -7.38971e+04    1.19500e+04   -6.19471e+04
  Conserved En.    Temperature Pres. DC (bar) Pressure (bar)   Constr. rmsd
   -6.02440e+04    2.99304e+02   -2.12526e+02    1.42635e+02    2.06434e-06

           Step           Time
          22000       44.00000

   Energies (kJ/mol)
           Bond            U-B    Proper Dih.  Improper Dih.      CMAP Dih.
    7.53962e+01    2.05286e+02    7.84426e+01    2.37975e+01   -1.94773e+02
          LJ-14     Coulomb-14        LJ (SR)  Disper. corr.   Coulomb (SR)
    2.72296e+01    3.72704e+03    1.40336e+04   -5.88707e+02   -9.15388e+04
   Coul. recip. Position Rest.      Potential    Kinetic En.   Total Energy
    4.02113e+02    2.30551e+01   -7.37263e+04    1.18884e+04   -6.18379e+04
  Conserved En.    Temperature Pres. DC (bar) Pressure (bar)   Constr. rmsd
   -6.02094e+04    2.97761e+02   -2.00203e+02   -9.04048e+02    2.19161e-06

           Step           Time
          22500       45.00000

   Energies (kJ/mol)
           Bond            U-B    Proper Dih.  Improper Dih.      CMAP Dih.
    7.58143e+01    1.65452e+02    1.00597e+02    1.58703e+01   -2.01213e+02
          LJ-14     Coulomb-14        LJ (SR)  Disper. corr.   Coulomb (SR)
    3.49623e+01    3.75200e+03    1.45316e+04   -6.08664e+02   -9.22042e+04
   Coul. recip. Position Rest.      Potential    Kinetic En.   Total Energy
    3.94790e+02    4.21758e+01   -7.39008e+04    1.21633e+04   -6.17375e+04
  Conserved En.    Temperature Pres. DC (bar) Pressure (bar)   Constr. rmsd
   -6.01991e+04    3.04646e+02   -2.13990e+02    2.87118e+02    3.50513e-06

           Step           Time
          23000       46.00000

   Energies (kJ/mol)
           Bond            U-B    Proper Dih.  Improper Dih.      CMAP Dih.
    4.57256e+01    2.11596e+02    8.80554e+01    2.08301e+01   -1.94891e+02
          LJ-14     Coulomb-14        LJ (SR)  Disper. corr.   Coulomb (SR)
    3.15987e+01    3.73652e+03    1.41171e+04   -5.97660e+02   -9.17488e+04
   Coul. recip. Position Rest.      Potential    Kinetic En.   Total Energy
    4.13535e+02    4.45771e+01   -7.38318e+04    1.20347e+04   -6.17971e+04
  Conserved En.    Temperature Pres. DC (bar) Pressure (bar)   Constr. rmsd
   -6.01907e+04    3.01424e+02   -2.06332e+02   -3.02398e+02    2.50392e-06

           Step           Time
          23500       47.00000

   Energies (kJ/mol)
           Bond            U-B    Proper Dih.  Improper Dih.      CMAP Dih.
    9.22054e+01    1.88622e+02    9.12807e+01    1.82038e+01   -2.04985e+02
          LJ-14     Coulomb-14        LJ (SR)  Disper. corr.   Coulomb (SR)
    3.87134e+01    3.73234e+03    1.37854e+04   -5.89932e+02   -9.08059e+04
   Coul. recip. Position Rest.      Potential    Kinetic En.   Total Energy
    4.19121e+02    3.50546e+01   -7.31998e+04    1.18261e+04   -6.13737e+04
  Conserved En.    Temperature Pres. DC (bar) Pressure (bar)   Constr. rmsd
   -6.01129e+04    2.96200e+02   -2.01036e+02   -8.71387e+02    2.98070e-06

           Step           Time
          24000       48.00000

   Energies (kJ/mol)
           Bond            U-B    Proper Dih.  Improper Dih.      CMAP Dih.
    6.79974e+01    2.03341e+02    7.92714e+01    2.59936e+01   -1.97719e+02
          LJ-14     Coulomb-14        LJ (SR)  Disper. corr.   Coulomb (SR)
    3.87905e+01    3.73481e+03    1.47695e+04   -6.14838e+02   -9.21144e+04
   Coul. recip. Position Rest.      Potential    Kinetic En.   Total Energy
    4.07315e+02    1.97601e+01   -7.35801e+04    1.18269e+04   -6.17532e+04
  Conserved En.    Temperature Pres. DC (bar) Pressure (bar)   Constr. rmsd
   -6.00574e+04    2.96220e+02   -2.18348e+02    8.52055e+02    1.99838e-06

           Step           Time
          24500       49.00000

   Energies (kJ/mol)
           Bond            U-B    Proper Dih.  Improper Dih.      CMAP Dih.
    7.38317e+01    2.18369e+02    7.93953e+01    1.48387e+01   -1.84224e+02
          LJ-14     Coulomb-14        LJ (SR)  Disper. corr.   Coulomb (SR)
    3.31505e+01    3.71622e+03    1.46998e+04   -6.12213e+02   -9.21988e+04
   Coul. recip. Position Rest.      Potential    Kinetic En.   Total Energy
    4.08722e+02    2.52250e+01   -7.37257e+04    1.24062e+04   -6.13194e+04
  Conserved En.    Temperature Pres. DC (bar) Pressure (bar)   Constr. rmsd
   -6.00318e+04    3.10730e+02   -2.16489e+02    6.90817e+02    2.29509e-06

           Step           Time
          25000       50.00000

   Energies (kJ/mol)
           Bond            U-B    Proper Dih.  Improper Dih.      CMAP Dih.
    8.02865e+01    2.10725e+02    7.75473e+01    3.57559e+01   -1.90356e+02
          LJ-14     Coulomb-14        LJ (SR)  Disper. corr.   Coulomb (SR)
    4.55313e+01    3.75792e+03    1.41807e+04   -6.01200e+02   -9.13334e+04
   Coul. recip. Position Rest.      Potential    Kinetic En.   Total Energy
    4.25660e+02    2.97178e+01   -7.32811e+04    1.22463e+04   -6.10349e+04
  Conserved En.    Temperature Pres. DC (bar) Pressure (bar)   Constr. rmsd
   -6.00086e+04    3.06723e+02   -2.08780e+02    5.00760e+01    3.32148e-06

           Step           Time
          25500       51.00000

   Energies (kJ/mol)
           Bond            U-B    Proper Dih.  Improper Dih.      CMAP Dih.
    7.17128e+01    1.72307e+02    8.02538e+01    1.32727e+01   -1.92701e+02
          LJ-14     Coulomb-14        LJ (SR)  Disper. corr.   Coulomb (SR)
    3.68306e+01    3.72337e+03    1.42324e+04   -6.09195e+02   -9.17810e+04
   Coul. recip. Position Rest.      Potential    Kinetic En.   Total Energy
    3.97413e+02    3.15617e+01   -7.38238e+04    1.20064e+04   -6.18174e+04
  Conserved En.    Temperature Pres. DC (bar) Pressure (bar)   Constr. rmsd
   -5.99947e+04    3.00717e+02   -2.14363e+02   -5.58093e+01    2.93135e-06

           Step           Time
          26000       52.00000

   Energies (kJ/mol)
           Bond            U-B    Proper Dih.  Improper Dih.      CMAP Dih.
    8.48491e+01    1.80776e+02    7.60294e+01    2.37756e+01   -1.95218e+02
          LJ-14     Coulomb-14        LJ (SR)  Disper. corr.   Coulomb (SR)
    3.57547e+01    3.72551e+03    1.46698e+04   -6.15402e+02   -9.23613e+04
   Coul. recip. Position Rest.      Potential    Kinetic En.   Total Energy
    3.85438e+02    4.25828e+01   -7.39475e+04    1.19144e+04   -6.20331e+04
  Conserved En.    Temperature Pres. DC (bar) Pressure (bar)   Constr. rmsd
   -5.99868e+04    2.98410e+02   -2.18748e+02    4.10091e+02    3.78132e-06

           Step           Time
          26500       53.00000

   Energies (kJ/mol)
           Bond            U-B    Proper Dih.  Improper Dih.      CMAP Dih.
    6.40199e+01    1.97514e+02    8.80019e+01    3.01270e+01   -1.97809e+02
          LJ-14     Coulomb-14        LJ (SR)  Disper. corr.   Coulomb (SR)
    3.36410e+01    3.72814e+03    1.40271e+04   -6.05362e+02   -9.14885e+04
   Coul. recip. Position Rest.      Potential    Kinetic En.   Total Energy
    4.03196e+02    2.94201e+01   -7.36905e+04    1.16615e+04   -6.20290e+04
  Conserved En.    Temperature Pres. DC (bar) Pressure (bar)   Constr. rmsd
   -5.99840e+04    2.92077e+02   -2.11677e+02   -3.96281e+02    2.04870e-06

           Step           Time
          27000       54.00000

   Energies (kJ/mol)
           Bond            U-B    Proper Dih.  Improper Dih.      CMAP Dih.
    8.37083e+01    1.50754e+02    7.55932e+01    1.55548e+01   -1.90003e+02
          LJ-14     Coulomb-14        LJ (SR)  Disper. corr.   Coulomb (SR)
    3.79346e+01    3.75841e+03    1.45838e+04   -6.09012e+02   -9.19235e+04
   Coul. recip. Position Rest.      Potential    Kinetic En.   Total Energy
    4.23501e+02    2.87789e+01   -7.35645e+04    1.22389e+04   -6.13256e+04
  Conserved En.    Temperature Pres. DC (bar) Pressure (bar)   Constr. rmsd
   -5.99553e+04    3.06539e+02   -2.14235e+02    5.34490e+02    2.10885e-06

           Step           Time
          27500       55.00000

   Energies (kJ/mol)
           Bond            U-B    Proper Dih.  Improper Dih.      CMAP Dih.
    6.80134e+01    1.92756e+02    8.07363e+01    1.86914e+01   -1.90696e+02
          LJ-14     Coulomb-14        LJ (SR)  Disper. corr.   Coulomb (SR)
    3.96611e+01    3.74324e+03    1.38794e+04   -5.93762e+02   -9.12726e+04
   Coul. recip. Position Rest.      Potential    Kinetic En.   Total Energy
    4.13883e+02    2.73188e+01   -7.35933e+04    1.21977e+04   -6.13956e+04
  Conserved En.    Temperature Pres. DC (bar) Pressure (bar)   Constr. rmsd
   -5.99452e+04    3.05507e+02   -2.03652e+02   -5.18790e+02    1.62050e-06

           Step           Time
          28000       56.00000

   Energies (kJ/mol)
           Bond            U-B    Proper Dih.  Improper Dih.      CMAP Dih.
    6.38471e+01    2.17380e+02    8.99460e+01    1.30367e+01   -1.94988e+02
          LJ-14     Coulomb-14        LJ (SR)  Disper. corr.   Coulomb (SR)
    3.77656e+01    3.72511e+03    1.42873e+04   -6.04042e+02   -9.20289e+04
   Coul. recip. Position Rest.      Potential    Kinetic En.   Total Energy
    4.17627e+02    3.93863e+01   -7.39366e+04    1.21893e+04   -6.17473e+04
  Conserved En.    Temperature Pres. DC (bar) Pressure (bar)   Constr. rmsd
   -5.99332e+04    3.05296e+02   -2.10756e+02   -4.53910e+01    1.73711e-06

           Step           Time
          28500       57.00000

   Energies (kJ/mol)
           Bond            U-B    Proper Dih.  Improper Dih.      CMAP Dih.
    5.98351e+01    2.00396e+02    6.93551e+01    1.91222e+01   -1.96617e+02
          LJ-14     Coulomb-14        LJ (SR)  Disper. corr.   Coulomb (SR)
    3.98707e+01    3.76524e+03    1.39466e+04   -6.05047e+02   -9.14041e+04
   Coul. recip. Position Rest.      Potential    Kinetic En.   Total Energy
    3.96244e+02    3.91730e+01   -7.36700e+04    1.17609e+04   -6.19091e+04
  Conserved En.    Temperature Pres. DC (bar) Pressure (bar)   Constr. rmsd
   -5.99295e+04    2.94568e+02   -2.11457e+02   -3.86175e+02    3.06477e-06

           Step           Time
          29000       58.00000

   Energies (kJ/mol)
           Bond            U-B    Proper Dih.  Improper Dih.      CMAP Dih.
    8.33117e+01    1.84805e+02    7.28656e+01    2.32677e+01   -1.92308e+02
          LJ-14     Coulomb-14        LJ (SR)  Disper. corr.   Coulomb (SR)
    3.06433e+01    3.76756e+03    1.43110e+04   -6.09469e+02   -9.19615e+04
   Coul. recip. Position Rest.      Potential    Kinetic En.   Total Energy
    3.98278e+02    3.50311e+01   -7.38566e+04    1.22922e+04   -6.15644e+04
  Conserved En.    Temperature Pres. DC (bar) Pressure (bar)   Constr. rmsd
   -5.99202e+04    3.07874e+02   -2.14556e+02    1.79954e+02    2.95125e-06

           Step           Time
          29500       59.00000

   Energies (kJ/mol)
           Bond            U-B    Proper Dih.  Improper Dih.      CMAP Dih.
    6.76460e+01    2.54538e+02    6.60576e+01    1.52185e+01   -1.87684e+02
          LJ-14     Coulomb-14        LJ (SR)  Disper. corr.   Coulomb (SR)
    3.73947e+01    3.74321e+03    1.45171e+04   -6.01297e+02   -9.22102e+04
   Coul. recip. Position Rest.      Potential    Kinetic En.   Total Energy
    4.05561e+02    2.26671e+01   -7.38699e+04    1.19334e+04   -6.19364e+04
  Conserved En.    Temperature Pres. DC (bar) Pressure (bar)   Constr. rmsd
   -5.99078e+04    2.98889e+02   -2.08847e+02    2.43620e+02    1.54909e-06

           Step           Time
          30000       60.00000

   Energies (kJ/mol)
           Bond            U-B    Proper Dih.  Improper Dih.      CMAP Dih.
    7.70418e+01    1.71891e+02    9.04837e+01    1.30061e+01   -1.97349e+02
          LJ-14     Coulomb-14        LJ (SR)  Disper. corr.   Coulomb (SR)
    4.27308e+01    3.74415e+03    1.41925e+04   -6.07866e+02   -9.11969e+04
   Coul. recip. Position Rest.      Potential    Kinetic En.   Total Energy
    4.10326e+02    2.62834e+01   -7.32337e+04    1.16908e+04   -6.15428e+04
  Conserved En.    Temperature Pres. DC (bar) Pressure (bar)   Constr. rmsd
   -5.99129e+04    2.92812e+02   -2.13430e+02    1.37005e+02    5.26330e-06

           Step           Time
          30500       61.00000

   Energies (kJ/mol)
           Bond            U-B    Proper Dih.  Improper Dih.      CMAP Dih.
    9.17494e+01    2.00916e+02    8.27063e+01    1.59721e+01   -1.97993e+02
          LJ-14     Coulomb-14        LJ (SR)  Disper. corr.   Coulomb (SR)
    3.98404e+01    3.74068e+03    1.44444e+04   -6.10438e+02   -9.22954e+04
   Coul. recip. Position Rest.      Potential    Kinetic En.   Total Energy
    4.28562e+02    3.78579e+01   -7.40212e+04    1.21418e+04   -6.18793e+04
  Conserved En.    Temperature Pres. DC (bar) Pressure (bar)   Constr. rmsd
   -5.98321e+04    3.04108e+02   -2.15238e+02    2.21087e+02    2.05180e-06

           Step           Time
          31000       62.00000

   Energies (kJ/mol)
           Bond            U-B    Proper Dih.  Improper Dih.      CMAP Dih.
    6.39317e+01    1.81895e+02    7.90025e+01    2.56525e+01   -1.91597e+02
          LJ-14     Coulomb-14        LJ (SR)  Disper. corr.   Coulomb (SR)
    3.93102e+01    3.76697e+03    1.39150e+04   -5.98711e+02   -9.14559e+04
   Coul. recip. Position Rest.      Potential    Kinetic En.   Total Energy
    3.77875e+02    4.00149e+01   -7.37566e+04    1.16715e+04   -6.20851e+04
  Conserved En.    Temperature Pres. DC (bar) Pressure (bar)   Constr. rmsd
   -5.97750e+04    2.92328e+02   -2.07057e+02   -6.28349e+02    2.72502e-06

           Step           Time
          31500       63.00000

   Energies (kJ/mol)
           Bond            U-B    Proper Dih.  Improper Dih.      CMAP Dih.
    6.13012e+01    1.98557e+02    7.76414e+01    2.23639e+01   -1.94790e+02
          LJ-14     Coulomb-14        LJ (SR)  Disper. corr.   Coulomb (SR)
    4.94162e+01    3.76875e+03    1.39849e+04   -6.08820e+02   -9.15324e+04
   Coul. recip. Position Rest.      Potential    Kinetic En.   Total Energy
    4.23054e+02    3.84686e+01   -7.37115e+04    1.25548e+04   -6.11567e+04
  Conserved En.    Temperature Pres. DC (bar) Pressure (bar)   Constr. rmsd
   -5.97818e+04    3.14451e+02   -2.14099e+02   -9.64922e+01    3.66412e-06

           Step           Time
          32000       64.00000

   Energies (kJ/mol)
           Bond            U-B    Proper Dih.  Improper Dih.      CMAP Dih.
    7.31270e+01    1.94110e+02    7.22479e+01    9.94680e+00   -1.98114e+02
          LJ-14     Coulomb-14        LJ (SR)  Disper. corr.   Coulomb (SR)
    4.36251e+01    3.73447e+03    1.46119e+04   -6.11247e+02   -9.18741e+04
   Coul. recip. Position Rest.      Potential    Kinetic En.   Total Energy
    3.78690e+02    3.07010e+01   -7.35346e+04    1.16063e+04   -6.19284e+04
  Conserved En.    Temperature Pres. DC (bar) Pressure (bar)   Constr. rmsd
   -5.97347e+04    2.90694e+02   -2.15807e+02    7.93570e+02    1.93644e-06

           Step           Time
          32500       65.00000

   Energies (kJ/mol)
           Bond            U-B    Proper Dih.  Improper Dih.      CMAP Dih.
    8.26819e+01    1.87279e+02    7.81289e+01    2.43363e+01   -1.96642e+02
          LJ-14     Coulomb-14        LJ (SR)  Disper. corr.   Coulomb (SR)
    3.61846e+01    3.77705e+03    1.41487e+04   -6.09616e+02   -9.18986e+04
   Coul. recip. Position Rest.      Potential    Kinetic En.   Total Energy
    3.85881e+02    1.77907e+01   -7.39668e+04    1.20354e+04   -6.19314e+04
  Conserved En.    Temperature Pres. DC (bar) Pressure (bar)   Constr. rmsd
   -5.96857e+04    3.01442e+02   -2.14659e+02   -1.74041e+02    4.15397e-06

           Step           Time
          33000       66.00000

   Energies (kJ/mol)
           Bond            U-B    Proper Dih.  Improper Dih.      CMAP Dih.
    9.53330e+01    2.08896e+02    7.49103e+01    1.23534e+01   -1.92519e+02
          LJ-14     Coulomb-14        LJ (SR)  Disper. corr.   Coulomb (SR)
    3.47719e+01    3.69676e+03    1.39674e+04   -6.07262e+02   -9.14205e+04
   Coul. recip. Position Rest.      Potential    Kinetic En.   Total Energy
    4.12747e+02    4.14727e+01   -7.36757e+04    1.20880e+04   -6.15877e+04
  Conserved En.    Temperature Pres. DC (bar) Pressure (bar)   Constr. rmsd
   -5.96816e+04    3.02759e+02   -2.13006e+02   -1.68915e+02    2.74420e-06

           Step           Time
          33500       67.00000

   Energies (kJ/mol)
           Bond            U-B    Proper Dih.  Improper Dih.      CMAP Dih.
    6.15572e+01    2.29742e+02    8.04664e+01    9.10009e+00   -1.77044e+02
          LJ-14     Coulomb-14        LJ (SR)  Disper. corr.   Coulomb (SR)
    2.53606e+01    3.66195e+03    1.40893e+04   -5.98829e+02   -9.13851e+04
   Coul. recip. Position Rest.      Potential    Kinetic En.   Total Energy
    3.84042e+02    2.86365e+01   -7.35908e+04    1.20407e+04   -6.15501e+04
  Conserved En.    Temperature Pres. DC (bar) Pressure (bar)   Constr. rmsd
   -5.96643e+04    3.01575e+02   -2.07138e+02   -4.13892e+02    2.10612e-06

           Step           Time
          34000       68.00000

   Energies (kJ/mol)
           Bond            U-B    Proper Dih.  Improper Dih.      CMAP Dih.
    6.36193e+01    2.31482e+02    7.70517e+01    1.36213e+01   -1.94536e+02
          LJ-14     Coulomb-14        LJ (SR)  Disper. corr.   Coulomb (SR)
    3.88976e+01    3.70647e+03    1.39438e+04   -6.01964e+02   -9.14841e+04
   Coul. recip. Position Rest.      Potential    Kinetic En.   Total Energy
    4.51225e+02    2.43002e+01   -7.37301e+04    1.20653e+04   -6.16649e+04
  Conserved En.    Temperature Pres. DC (bar) Pressure (bar)   Constr. rmsd
   -5.96079e+04    3.02190e+02   -2.09310e+02   -3.25470e+02    2.54082e-06

           Step           Time
          34500       69.00000

   Energies (kJ/mol)
           Bond            U-B    Proper Dih.  Improper Dih.      CMAP Dih.
    8.31944e+01    2.13499e+02    7.46316e+01    2.92870e+01   -1.98263e+02
          LJ-14     Coulomb-14        LJ (SR)  Disper. corr.   Coulomb (SR)
    4.14080e+01    3.75531e+03    1.39563e+04   -6.03482e+02   -9.12956e+04
   Coul. recip. Position Rest.      Potential    Kinetic En.   Total Energy
    3.99319e+02    2.93709e+01   -7.35150e+04    1.18076e+04   -6.17074e+04
  Conserved En.    Temperature Pres. DC (bar) Pressure (bar)   Constr. rmsd
   -5.96070e+04    2.95738e+02   -2.10366e+02   -1.27528e+02    1.99306e-06

           Step           Time
          35000       70.00000

   Energies (kJ/mol)
           Bond            U-B    Proper Dih.  Improper Dih.      CMAP Dih.
    6.71242e+01    1.75679e+02    9.04578e+01    2.35447e+01   -1.96849e+02
          LJ-14     Coulomb-14        LJ (SR)  Disper. corr.   Coulomb (SR)
    2.89441e+01    3.72986e+03    1.41274e+04   -6.08039e+02   -9.12702e+04
   Coul. recip. Position Rest.      Potential    Kinetic En.   Total Energy
    4.09711e+02    2.40909e+01   -7.33982e+04    1.19104e+04   -6.14878e+04
  Conserved En.    Temperature Pres. DC (bar) Pressure (bar)   Constr. rmsd
   -5.96150e+04    2.98311e+02   -2.13551e+02    1.99949e+02    3.15263e-06

           Step           Time
          35500       71.00000

   Energies (kJ/mol)
           Bond            U-B    Proper Dih.  Improper Dih.      CMAP Dih.
    8.09223e+01    2.05867e+02    7.85995e+01    1.33642e+01   -1.92195e+02
          LJ-14     Coulomb-14        LJ (SR)  Disper. corr.   Coulomb (SR)
    3.94232e+01    3.70365e+03    1.44465e+04   -6.03571e+02   -9.20604e+04
   Coul. recip. Position Rest.      Potential    Kinetic En.   Total Energy
    4.14217e+02    3.05757e+01   -7.38431e+04    1.19012e+04   -6.19419e+04
  Conserved En.    Temperature Pres. DC (bar) Pressure (bar)   Constr. rmsd
   -5.95750e+04    2.98081e+02   -2.10428e+02    2.23042e+02    1.42858e-06

           Step           Time
          36000       72.00000

   Energies (kJ/mol)
           Bond            U-B    Proper Dih.  Improper Dih.      CMAP Dih.
    7.54243e+01    1.97066e+02    7.76656e+01    2.29551e+01   -1.77437e+02
          LJ-14     Coulomb-14        LJ (SR)  Disper. corr.   Coulomb (SR)
    3.65665e+01    3.77534e+03    1.45601e+04   -5.99764e+02   -9.18506e+04
   Coul. recip. Position Rest.      Potential    Kinetic En.   Total Energy
    3.80685e+02    4.29495e+01   -7.34590e+04    1.21384e+04   -6.13206e+04
  Conserved En.    Temperature Pres. DC (bar) Pressure (bar)   Constr. rmsd
   -5.95654e+04    3.04022e+02   -2.07785e+02    4.16975e+02    2.86173e-06

           Step           Time
          36500       73.00000

   Energies (kJ/mol)
           Bond            U-B    Proper Dih.  Improper Dih.      CMAP Dih.
    9.83383e+01    1.76472e+02    7.53258e+01    1.61942e+01   -1.89652e+02
          LJ-14     Coulomb-14        LJ (SR)  Disper. corr.   Coulomb (SR)
    3.78543e+01    3.74305e+03    1.44640e+04   -6.07264e+02   -9.19729e+04
   Coul. recip. Position Rest.      Potential    Kinetic En.   Total Energy
    4.23918e+02    3.48307e+01   -7.36998e+04    1.19506e+04   -6.17492e+04
  Conserved En.    Temperature Pres. DC (bar) Pressure (bar)   Constr. rmsd
   -5.95427e+04    2.99318e+02   -2.13008e+02    2.37691e+02    1.76652e-06

           Step           Time
          37000       74.00000

   Energies (kJ/mol)
           Bond            U-B    Proper Dih.  Improper Dih.      CMAP Dih.
    9.05163e+01    1.88811e+02    7.48541e+01    2.14424e+01   -1.92366e+02
          LJ-14     Coulomb-14        LJ (SR)  Disper. corr.   Coulomb (SR)
    3.27030e+01    3.73915e+03    1.35612e+04   -5.94020e+02   -9.05466e+04
   Coul. recip. Position Rest.      Potential    Kinetic En.   Total Energy
    4.13523e+02    3.92740e+01   -7.31715e+04    1.19676e+04   -6.12038e+04
  Conserved En.    Temperature Pres. DC (bar) Pressure (bar)   Constr. rmsd
   -5.95061e+04    2.99745e+02   -2.03829e+02   -8.47473e+02    3.16301e-06

           Step           Time
          37500       75.00000

   Energies (kJ/mol)
           Bond            U-B    Proper Dih.  Improper Dih.      CMAP Dih.
    7.25344e+01    1.94747e+02    8.14882e+01    3.25010e+01   -1.97660e+02
          LJ-14     Coulomb-14        LJ (SR)  Disper. corr.   Coulomb (SR)
    4.24201e+01    3.75650e+03    1.44674e+04   -6.17999e+02   -9.21685e+04
   Coul. recip. Position Rest.      Potential    Kinetic En.   Total Energy
    3.92642e+02    4.49848e+01   -7.38989e+04    1.17566e+04   -6.21423e+04
  Conserved En.    Temperature Pres. DC (bar) Pressure (bar)   Constr. rmsd
   -5.94833e+04    2.94460e+02   -2.20596e+02    5.02109e+02    1.93301e-06

           Step           Time
          38000       76.00000

   Energies (kJ/mol)
           Bond            U-B    Proper Dih.  Improper Dih.      CMAP Dih.
    7.87233e+01    2.01316e+02    8.77938e+01    1.87839e+01   -1.93416e+02
          LJ-14     Coulomb-14        LJ (SR)  Disper. corr.   Coulomb (SR)
    3.72030e+01    3.75340e+03    1.42368e+04   -5.99279e+02   -9.18887e+04
   Coul. recip. Position Rest.      Potential    Kinetic En.   Total Energy
    4.01469e+02    3.26364e+01   -7.38333e+04    1.21521e+04   -6.16812e+04
  Conserved En.    Temperature Pres. DC (bar) Pressure (bar)   Constr. rmsd
   -5.94671e+04    3.04365e+02   -2.07450e+02   -1.57358e+02    1.62494e-06

           Step           Time
          38500       77.00000

   Energies (kJ/mol)
           Bond            U-B    Proper Dih.  Improper Dih.      CMAP Dih.
    1.12176e+02    1.95809e+02    8.27718e+01    1.34806e+01   -1.97606e+02
          LJ-14     Coulomb-14        LJ (SR)  Disper. corr.   Coulomb (SR)
    3.79426e+01    3.73765e+03    1.47047e+04   -6.04871e+02   -9.21101e+04
   Coul. recip. Position Rest.      Potential    Kinetic En.   Total Energy
    3.92388e+02    3.06510e+01   -7.36049e+04    1.20397e+04   -6.15652e+04
  Conserved En.    Temperature Pres. DC (bar) Pressure (bar)   Constr. rmsd
   -5.94546e+04    3.01550e+02   -2.11334e+02    4.51046e+02    2.46997e-06

           Step           Time
          39000       78.00000

   Energies (kJ/mol)
           Bond            U-B    Proper Dih.  Improper Dih.      CMAP Dih.
    6.20355e+01    2.03123e+02    7.85013e+01    1.87170e+01   -1.96243e+02
          LJ-14     Coulomb-14        LJ (SR)  Disper. corr.   Coulomb (SR)
    4.76034e+01    3.73745e+03    1.40503e+04   -6.03850e+02   -9.14922e+04
   Coul. recip. Position Rest.      Potential    Kinetic En.   Total Energy
    4.06448e+02    4.43911e+01   -7.36437e+04    1.21633e+04   -6.14805e+04
  Conserved En.    Temperature Pres. DC (bar) Pressure (bar)   Constr. rmsd
   -5.94499e+04    3.04645e+02   -2.10622e+02   -2.16175e+02    3.50809e-06

           Step           Time
          39500       79.00000

   Energies (kJ/mol)
           Bond            U-B    Proper Dih.  Improper Dih.      CMAP Dih.
    7.86440e+01    1.50527e+02    7.93185e+01    2.00059e+01   -1.88852e+02
          LJ-14     Coulomb-14        LJ (SR)  Disper. corr.   Coulomb (SR)
    3.72310e+01    3.74423e+03    1.40855e+04   -6.00149e+02   -9.15367e+04
   Coul. recip. Position Rest.      Potential    Kinetic En.   Total Energy
    3.89665e+02    4.97178e+01   -7.36908e+04    1.19044e+04   -6.17864e+04
  Conserved En.    Temperature Pres. DC (bar) Pressure (bar)   Constr. rmsd
   -5.94333e+04    2.98161e+02   -2.08052e+02   -2.15096e+02    2.26483e-06

           Step           Time
          40000       80.00000

   Energies (kJ/mol)
           Bond            U-B    Proper Dih.  Improper Dih.      CMAP Dih.
    5.65096e+01    1.73829e+02    7.80951e+01    3.53797e+01   -1.88092e+02
          LJ-14     Coulomb-14        LJ (SR)  Disper. corr.   Coulomb (SR)
    3.22599e+01    3.76029e+03    1.38111e+04   -6.03528e+02   -9.14302e+04
   Coul. recip. Position Rest.      Potential    Kinetic En.   Total Energy
    4.05489e+02    6.58400e+01   -7.38030e+04    1.22606e+04   -6.15424e+04
  Conserved En.    Temperature Pres. DC (bar) Pressure (bar)   Constr. rmsd
   -5.94188e+04    3.07084e+02   -2.10398e+02   -4.18491e+02    2.92103e-06

           Step           Time
          40500       81.00000

   Energies (kJ/mol)
           Bond            U-B    Proper Dih.  Improper Dih.      CMAP Dih.
    9.23486e+01    1.81282e+02    7.50542e+01    2.42639e+01   -1.91005e+02
          LJ-14     Coulomb-14        LJ (SR)  Disper. corr.   Coulomb (SR)
    3.07189e+01    3.74655e+03    1.46837e+04   -6.07783e+02   -9.22800e+04
   Coul. recip. Position Rest.      Potential    Kinetic En.   Total Energy
    4.05987e+02    3.11413e+01   -7.38078e+04    1.20566e+04   -6.17513e+04
  Conserved En.    Temperature Pres. DC (bar) Pressure (bar)   Constr. rmsd
   -5.94124e+04    3.01972e+02   -2.13371e+02    4.23626e+02    1.61796e-06

           Step           Time
          41000       82.00000

   Energies (kJ/mol)
           Bond            U-B    Proper Dih.  Improper Dih.      CMAP Dih.
    5.93532e+01    2.16512e+02    7.33772e+01    2.11679e+01   -1.95032e+02
          LJ-14     Coulomb-14        LJ (SR)  Disper. corr.   Coulomb (SR)
    2.89938e+01    3.72914e+03    1.41431e+04   -5.99854e+02   -9.11375e+04
   Coul. recip. Position Rest.      Potential    Kinetic En.   Total Energy
    3.93413e+02    2.82108e+01   -7.32391e+04    1.20978e+04   -6.11413e+04
  Conserved En.    Temperature Pres. DC (bar) Pressure (bar)   Constr. rmsd
   -5.94062e+04    3.03005e+02   -2.07847e+02    3.14441e+01    2.51171e-06

           Step           Time
          41500       83.00000

   Energies (kJ/mol)
           Bond            U-B    Proper Dih.  Improper Dih.      CMAP Dih.
    7.71857e+01    1.84910e+02    7.69289e+01    2.73689e+01   -1.91845e+02
          LJ-14     Coulomb-14        LJ (SR)  Disper. corr.   Coulomb (SR)
    5.46576e+01    3.76913e+03    1.41245e+04   -6.12018e+02   -9.15952e+04
   Coul. recip. Position Rest.      Potential    Kinetic En.   Total Energy
    4.09056e+02    4.96613e+01   -7.36256e+04    1.19840e+04   -6.16417e+04
  Conserved En.    Temperature Pres. DC (bar) Pressure (bar)   Constr. rmsd
   -5.93951e+04    3.00154e+02   -2.16352e+02    3.09660e+02    2.85865e-06

           Step           Time
          42000       84.00000

   Energies (kJ/mol)
           Bond            U-B    Proper Dih.  Improper Dih.      CMAP Dih.
    7.92447e+01    1.72199e+02    8.56964e+01    3.19501e+01   -1.99000e+02
          LJ-14     Coulomb-14        LJ (SR)  Disper. corr.   Coulomb (SR)
    3.87766e+01    3.75732e+03    1.43260e+04   -6.07478e+02   -9.16122e+04
   Coul. recip. Position Rest.      Potential    Kinetic En.   Total Energy
    3.98686e+02    4.43807e+01   -7.34844e+04    1.21425e+04   -6.13419e+04
  Conserved En.    Temperature Pres. DC (bar) Pressure (bar)   Constr. rmsd
   -5.93891e+04    3.04125e+02   -2.13158e+02    3.04344e+02    2.72104e-06

           Step           Time
          42500       85.00000

   Energies (kJ/mol)
           Bond            U-B    Proper Dih.  Improper Dih.      CMAP Dih.
    8.73820e+01    2.01545e+02    8.92601e+01    3.34917e+01   -1.96438e+02
          LJ-14     Coulomb-14        LJ (SR)  Disper. corr.   Coulomb (SR)
    4.99798e+01    3.73418e+03    1.43982e+04   -6.08471e+02   -9.18428e+04
   Coul. recip. Position Rest.      Potential    Kinetic En.   Total Energy
    3.95710e+02    3.35726e+01   -7.36244e+04    1.22528e+04   -6.13716e+04
  Conserved En.    Temperature Pres. DC (bar) Pressure (bar)   Constr. rmsd
   -5.93870e+04    3.06887e+02   -2.13854e+02    2.45227e+02    1.89024e-06

           Step           Time
          43000       86.00000

   Energies (kJ/mol)
           Bond            U-B    Proper Dih.  Improper Dih.      CMAP Dih.
    7.69948e+01    1.79749e+02    8.41910e+01    3.39502e+01   -2.01991e+02
          LJ-14     Coulomb-14        LJ (SR)  Disper. corr.   Coulomb (SR)
    3.15886e+01    3.74907e+03    1.45379e+04   -6.10396e+02   -9.15898e+04
   Coul. recip. Position Rest.      Potential    Kinetic En.   Total Energy
    3.78176e+02    3.13375e+01   -7.32992e+04    1.20222e+04   -6.12770e+04
  Conserved En.    Temperature Pres. DC (bar) Pressure (bar)   Constr. rmsd
   -5.93905e+04    3.01112e+02   -2.15208e+02    7.71868e+02    3.50537e-06

           Step           Time
          43500       87.00000

   Energies (kJ/mol)
           Bond            U-B    Proper Dih.  Improper Dih.      CMAP Dih.
    7.04158e+01    2.01645e+02    9.73933e+01    5.08515e+01   -1.92429e+02
          LJ-14     Coulomb-14        LJ (SR)  Disper. corr.   Coulomb (SR)
    4.20982e+01    3.72680e+03    1.37440e+04   -5.99492e+02   -9.05312e+04
   Coul. recip. Position Rest.      Potential    Kinetic En.   Total Energy
    4.02078e+02    4.08141e+01   -7.29471e+04    1.19806e+04   -6.09665e+04
  Conserved En.    Temperature Pres. DC (bar) Pressure (bar)   Constr. rmsd
   -5.93830e+04    3.00069e+02   -2.07596e+02   -2.25253e+02    2.64981e-06

           Step           Time
          44000       88.00000

   Energies (kJ/mol)
           Bond            U-B    Proper Dih.  Improper Dih.      CMAP Dih.
    8.92497e+01    1.86503e+02    6.98724e+01    1.21632e+01   -1.86123e+02
          LJ-14     Coulomb-14        LJ (SR)  Disper. corr.   Coulomb (SR)
    5.03627e+01    3.71984e+03    1.42627e+04   -6.08146e+02   -9.16516e+04
   Coul. recip. Position Rest.      Potential    Kinetic En.   Total Energy
    4.28654e+02    2.45743e+01   -7.36019e+04    1.17871e+04   -6.18149e+04
  Conserved En.    Temperature Pres. DC (bar) Pressure (bar)   Constr. rmsd
   -5.93694e+04    2.95222e+02   -2.13626e+02    1.75055e+02    3.16962e-06

           Step           Time
          44500       89.00000

   Energies (kJ/mol)
           Bond            U-B    Proper Dih.  Improper Dih.      CMAP Dih.
    6.44051e+01    1.91953e+02    9.40749e+01    2.77869e+01   -1.94519e+02
          LJ-14     Coulomb-14        LJ (SR)  Disper. corr.   Coulomb (SR)
    4.12977e+01    3.77545e+03    1.45071e+04   -6.06916e+02   -9.21948e+04
   Coul. recip. Position Rest.      Potential    Kinetic En.   Total Energy
    4.39564e+02    3.58114e+01   -7.38188e+04    1.19889e+04   -6.18299e+04
  Conserved En.    Temperature Pres. DC (bar) Pressure (bar)   Constr. rmsd
   -5.93521e+04    3.00277e+02   -2.12764e+02    3.08139e+02    1.69654e-06

           Step           Time
          45000       90.00000

   Energies (kJ/mol)
           Bond            U-B    Proper Dih.  Improper Dih.      CMAP Dih.
    7.67992e+01    1.91514e+02    7.46223e+01    2.23242e+01   -1.98146e+02
          LJ-14     Coulomb-14        LJ (SR)  Disper. corr.   Coulomb (SR)
    3.97266e+01    3.77130e+03    1.36877e+04   -5.97120e+02   -9.09981e+04
   Coul. recip. Position Rest.      Potential    Kinetic En.   Total Energy
    3.70249e+02    2.18162e+01   -7.35374e+04    1.19286e+04   -6.16088e+04
  Conserved En.    Temperature Pres. DC (bar) Pressure (bar)   Constr. rmsd
   -5.93438e+04    2.98766e+02   -2.05959e+02   -7.47622e+02    1.20077e-06

           Step           Time
          45500       91.00000

   Energies (kJ/mol)
           Bond            U-B    Proper Dih.  Improper Dih.      CMAP Dih.
    1.08670e+02    1.92241e+02    9.50836e+01    1.74194e+01   -2.02357e+02
          LJ-14     Coulomb-14        LJ (SR)  Disper. corr.   Coulomb (SR)
    3.42953e+01    3.72138e+03    1.41617e+04   -6.10441e+02   -9.15421e+04
   Coul. recip. Position Rest.      Potential    Kinetic En.   Total Energy
    4.02796e+02    3.47232e+01   -7.35866e+04    1.20247e+04   -6.15619e+04
  Conserved En.    Temperature Pres. DC (bar) Pressure (bar)   Constr. rmsd
   -5.93330e+04    3.01175e+02   -2.15240e+02    1.81360e+02    1.77315e-06

           Step           Time
          46000       92.00000

   Energies (kJ/mol)
           Bond            U-B    Proper Dih.  Improper Dih.      CMAP Dih.
    8.37673e+01    2.12260e+02    8.62273e+01    3.31238e+01   -1.90696e+02
          LJ-14     Coulomb-14        LJ (SR)  Disper. corr.   Coulomb (SR)
    4.02329e+01    3.72759e+03    1.43456e+04   -5.98379e+02   -9.17774e+04
   Coul. recip. Position Rest.      Potential    Kinetic En.   Total Energy
    3.91566e+02    3.06852e+01   -7.36155e+04    1.20815e+04   -6.15340e+04
  Conserved En.    Temperature Pres. DC (bar) Pressure (bar)   Constr. rmsd
   -5.93140e+04    3.02598e+02   -2.06827e+02    1.30749e+02    2.36707e-06

           Step           Time
          46500       93.00000

   Energies (kJ/mol)
           Bond            U-B    Proper Dih.  Improper Dih.      CMAP Dih.
    9.39590e+01    2.14902e+02    8.73205e+01    2.47352e+01   -1.91295e+02
          LJ-14     Coulomb-14        LJ (SR)  Disper. corr.   Coulomb (SR)
    3.11737e+01    3.69310e+03    1.44333e+04   -6.07930e+02   -9.17525e+04
   Coul. recip. Position Rest.      Potential    Kinetic En.   Total Energy
    4.05301e+02    4.04026e+01   -7.35276e+04    1.23882e+04   -6.11393e+04
  Conserved En.    Temperature Pres. DC (bar) Pressure (bar)   Constr. rmsd
   -5.93008e+04    3.10280e+02   -2.13475e+02    3.42063e+02    2.56657e-06

           Step           Time
          47000       94.00000

   Energies (kJ/mol)
           Bond            U-B    Proper Dih.  Improper Dih.      CMAP Dih.
    9.09411e+01    2.16593e+02    7.56778e+01    2.07245e+01   -1.98579e+02
          LJ-14     Coulomb-14        LJ (SR)  Disper. corr.   Coulomb (SR)
    4.41256e+01    3.74386e+03    1.41912e+04   -5.99866e+02   -9.12650e+04
   Coul. recip. Position Rest.      Potential    Kinetic En.   Total Energy
    3.78871e+02    4.25427e+01   -7.32589e+04    1.24399e+04   -6.08190e+04
  Conserved En.    Temperature Pres. DC (bar) Pressure (bar)   Constr. rmsd
   -5.93035e+04    3.11573e+02   -2.07855e+02   -2.33616e+01    4.22524e-06

           Step           Time
          47500       95.00000

   Energies (kJ/mol)
           Bond            U-B    Proper Dih.  Improper Dih.      CMAP Dih.
    7.99113e+01    1.82870e+02    9.19698e+01    3.41736e+01   -1.92624e+02
          LJ-14     Coulomb-14        LJ (SR)  Disper. corr.   Coulomb (SR)
    3.83380e+01    3.78084e+03    1.41092e+04   -6.09716e+02   -9.15153e+04
   Coul. recip. Position Rest.      Potential    Kinetic En.   Total Energy
    3.99913e+02    3.44727e+01   -7.35659e+04    1.19997e+04   -6.15662e+04
  Conserved En.    Temperature Pres. DC (bar) Pressure (bar)   Constr. rmsd
   -5.92652e+04    3.00549e+02   -2.14729e+02   -1.02445e+02    1.51886e-06

           Step           Time
          48000       96.00000

   Energies (kJ/mol)
           Bond            U-B    Proper Dih.  Improper Dih.      CMAP Dih.
    5.65606e+01    2.02494e+02    7.71779e+01    3.12000e+01   -1.84068e+02
          LJ-14     Coulomb-14        LJ (SR)  Disper. corr.   Coulomb (SR)
    4.25698e+01    3.71144e+03    1.41428e+04   -5.89820e+02   -9.15108e+04
   Coul. recip. Position Rest.      Potential    Kinetic En.   Total Energy
    3.95696e+02    3.28137e+01   -7.35920e+04    1.20738e+04   -6.15182e+04
  Conserved En.    Temperature Pres. DC (bar) Pressure (bar)   Constr. rmsd
   -5.92492e+04    3.02403e+02   -2.00960e+02   -5.58567e+02    2.83705e-06

           Step           Time
          48500       97.00000

   Energies (kJ/mol)
           Bond            U-B    Proper Dih.  Improper Dih.      CMAP Dih.
    8.04371e+01    1.90880e+02    8.06164e+01    1.78923e+01   -1.83687e+02
          LJ-14     Coulomb-14        LJ (SR)  Disper. corr.   Coulomb (SR)
    3.14317e+01    3.73052e+03    1.47794e+04   -6.13250e+02   -9.20326e+04
   Coul. recip. Position Rest.      Potential    Kinetic En.   Total Energy
    3.83437e+02    5.05446e+01   -7.34843e+04    1.21058e+04   -6.13785e+04
  Conserved En.    Temperature Pres. DC (bar) Pressure (bar)   Constr. rmsd
   -5.92082e+04    3.03206e+02   -2.17223e+02    9.36086e+02    3.25190e-06

           Step           Time
          49000       98.00000

   Energies (kJ/mol)
           Bond            U-B    Proper Dih.  Improper Dih.      CMAP Dih.
    7.49416e+01    2.29321e+02    8.60410e+01    1.73923e+01   -1.91797e+02
          LJ-14     Coulomb-14        LJ (SR)  Disper. corr.   Coulomb (SR)
    3.64459e+01    3.74526e+03    1.40548e+04   -5.95437e+02   -9.08856e+04
   Coul. recip. Position Rest.      Potential    Kinetic En.   Total Energy
    3.70147e+02    3.86511e+01   -7.30198e+04    1.23482e+04   -6.06715e+04
  Conserved En.    Temperature Pres. DC (bar) Pressure (bar)   Constr. rmsd
   -5.91594e+04    3.09277e+02   -2.04801e+02    1.48599e+02    2.17631e-06

           Step           Time
          49500       99.00000

   Energies (kJ/mol)
           Bond            U-B    Proper Dih.  Improper Dih.      CMAP Dih.
    9.63895e+01    1.88604e+02    8.05350e+01    1.33739e+01   -1.93390e+02
          LJ-14     Coulomb-14        LJ (SR)  Disper. corr.   Coulomb (SR)
    3.23465e+01    3.74290e+03    1.37547e+04   -5.93998e+02   -9.08155e+04
   Coul. recip. Position Rest.      Potential    Kinetic En.   Total Energy
    4.34039e+02    2.86864e+01   -7.32313e+04    1.20358e+04   -6.11954e+04
  Conserved En.    Temperature Pres. DC (bar) Pressure (bar)   Constr. rmsd
   -5.91463e+04    3.01453e+02   -2.03813e+02   -7.38929e+02    3.46586e-06

           Step           Time
          50000      100.00000

Writing checkpoint, step 50000 at Sat May  4 13:10:57 2024


   Energies (kJ/mol)
           Bond            U-B    Proper Dih.  Improper Dih.      CMAP Dih.
    8.47910e+01    1.69173e+02    8.01071e+01    8.83348e+00   -1.89277e+02
          LJ-14     Coulomb-14        LJ (SR)  Disper. corr.   Coulomb (SR)
    4.23293e+01    3.72140e+03    1.43907e+04   -6.08028e+02   -9.16674e+04
   Coul. recip. Position Rest.      Potential    Kinetic En.   Total Energy
    4.00816e+02    3.49136e+01   -7.35317e+04    1.16279e+04   -6.19039e+04
  Conserved En.    Temperature Pres. DC (bar) Pressure (bar)   Constr. rmsd
   -5.91414e+04    2.91235e+02   -2.13543e+02    3.10328e+02    6.76499e-06


Energy conservation over simulation part #1 of length 100 ps, time 0 to 100 ps
  Conserved energy drift: 3.74e-03 kJ/mol/ps per atom


	<======  ###############  ==>
	<====  A V E R A G E S  ====>
	<==  ###############  ======>

	Statistics over 50001 steps using 501 frames

   Energies (kJ/mol)
           Bond            U-B    Proper Dih.  Improper Dih.      CMAP Dih.
    7.75609e+01    1.92950e+02    8.03701e+01    2.11073e+01   -1.93507e+02
          LJ-14     Coulomb-14        LJ (SR)  Disper. corr.   Coulomb (SR)
    3.76904e+01    3.73964e+03    1.42191e+04   -6.03849e+02   -9.16090e+04
   Coul. recip. Position Rest.      Potential    Kinetic En.   Total Energy
    4.02149e+02    3.45099e+01   -7.36013e+04    1.19853e+04   -6.16160e+04
  Conserved En.    Temperature Pres. DC (bar) Pressure (bar)   Constr. rmsd
   -6.00375e+04    3.00187e+02   -2.10646e+02    6.51586e-01    0.00000e+00

          Box-X          Box-Y          Box-Z
    4.06987e+00    4.06987e+00    2.87783e+00

   Total Virial (kJ/mol)
    3.96329e+03   -2.42440e+00   -1.17989e+01
   -2.36798e+00    4.00597e+03   -1.91653e+01
   -1.17833e+01   -1.91872e+01    4.02798e+03

   Pressure (bar)
    2.71373e+01   -1.99958e-01    9.87851e+00
   -2.39211e-01    2.26559e+00    1.71332e+01
    9.86768e+00    1.71485e+01   -2.74481e+01

      T-Protein  T-non-Protein
    3.02633e+02    3.00129e+02


	M E G A - F L O P S   A C C O U N T I N G

 NB=Group-cutoff nonbonded kernels    NxN=N-by-N cluster Verlet kernels
 RF=Reaction-Field  VdW=Van der Waals  QSTab=quadratic-spline table
 W3=SPC/TIP3p  W4=TIP4p (single or pairs)
 V&F=Potential and force  V=Potential only  F=Force only

 Computing:                               M-Number         M-Flops  % Flops
-----------------------------------------------------------------------------
 Pair Search distance check            1879.660190       16916.942     0.2
 NxN Ewald Elec. + LJ [F]             81669.820096     5390208.126    49.8
 NxN Ewald Elec. + LJ [V&F]             826.419056       88426.839     0.8
 NxN Ewald Elec. [F]                  78585.893120     4793739.480    44.3
 NxN Ewald Elec. [V&F]                  795.085936       66787.219     0.6
 1,4 nonbonded interactions               9.550191         859.517     0.0
 Calc Weights                           716.864337       25807.116     0.2
 Spread Q Bspline                     15293.105856       30586.212     0.3
 Gather F Bspline                     15293.105856       91758.635     0.8
 3D-FFT                               31659.933186      253279.465     2.3
 Solve PME                              588.011760       37632.753     0.3
 Reset In Box                             4.779000          14.337     0.0
 CG-CoM                                   4.783779          14.351     0.0
 Bonds                                    2.400048         141.603     0.0
 Propers                                  4.600092        1053.421     0.0
 Impropers                                1.150023         239.205     0.0
 Pos. Restr.                              2.450049         122.502     0.0
 Virial                                   4.828824          86.919     0.0
 Stop-CM                                  2.394279          23.943     0.0
 Calc-Ekin                               47.799558        1290.588     0.0
 Lincs                                    1.900038         114.002     0.0
 Lincs-Mat                                9.000180          36.001     0.0
 Constraint-V                           238.404768        2145.643     0.0
 Constraint-Vir                           4.734730         113.634     0.0
 Settle                                  78.201564       28934.579     0.3
 CMAP                                     0.500010         850.017     0.0
 Urey-Bradley                             7.350147        1345.077     0.0
-----------------------------------------------------------------------------
 Total                                                10832528.125   100.0
-----------------------------------------------------------------------------


    D O M A I N   D E C O M P O S I T I O N   S T A T I S T I C S

 av. #atoms communicated per step for force:  2 x 0.0


      R E A L   C Y C L E   A N D   T I M E   A C C O U N T I N G

On 1 MPI rank, each using 4 OpenMP threads

 Activity:              Num   Num      Call    Wall time         Giga-Cycles
                        Ranks Threads  Count      (s)         total sum    %
--------------------------------------------------------------------------------
 Domain decomp.            1    4       1000       0.440          4.751   0.8
 Neighbor search           1    4       1001       2.510         27.070   4.3
 Force                     1    4      50001      43.962        474.150  75.3
 PME mesh                  1    4      50001       8.433         90.949  14.5
 NB X/F buffer ops.        1    4      99001       0.930         10.029   1.6
 Write traj.               1    4        101       0.287          3.094   0.5
 Update                    1    4      50001       0.313          3.373   0.5
 Constraints               1    4      50001       0.766          8.264   1.3
 Rest                                              0.708          7.639   1.2
--------------------------------------------------------------------------------
 Total                                            58.349        629.319 100.0
--------------------------------------------------------------------------------
 Breakdown of PME mesh activities
--------------------------------------------------------------------------------
 PME spread                1    4      50001       3.203         34.543   5.5
 PME gather                1    4      50001       1.988         21.439   3.4
 PME 3D-FFT                1    4     100002       2.800         30.205   4.8
 PME solve Elec            1    4      50001       0.362          3.904   0.6
--------------------------------------------------------------------------------

               Core t (s)   Wall t (s)        (%)
       Time:      233.394       58.349      400.0
                 (ns/day)    (hour/ns)
Performance:      148.078        0.162
Finished mdrun on rank 0 Sat May  4 13:10:57 2024

